<?xml version="1.0" encoding="UTF-8"?>
<!-- Generated by org.testng.reporters.JUnitXMLReporter -->
<testsuite ignored="4" hostname="Ranees" failures="0" tests="13" name="Vm Trackers GPS Application Test" time="24.198" errors="0" timestamp="2024-12-26T15:46:37 IST">
  <testcase classname="testCases.Login_func_test" name="test_login_logoutfunc" time="2.954"/>
  <testcase classname="testCases.Login_func_test" name="test_loginfunc" time="1.053"/>
  <testcase classname="testCases.Login_func_test" name="test_loginfunc" time="0.896"/>
  <testcase classname="testCases.Login_func_test" name="test_loginfunc" time="0.88"/>
  <testcase classname="testCases.Login_func_test" name="test_loginfunc" time="0.731"/>
  <testcase classname="testCases.Login_func_test" name="test_loginfunc" time="0.805"/>
  <testcase classname="testCases.Login_func_test" name="test_loginfunc" time="0.747"/>
  <testcase classname="testCases.Login_func_test" name="test_loginfunc" time="0.995"/>
  <testcase classname="testCases.Login_func_test" name="test_loginfunc" time="1.071"/>
  <testcase classname="testCases.Login_func_test" name="test_loginfunc" time="1.106"/>
  <testcase classname="testCases.Login_func_test" name="test_loginfunc" time="1.238"/>
  <testcase classname="testCases.Dashboard_func_test" name="test_dashboardfunc_profilenameverify" time="1.395"/>
  <testcase classname="testCases.Dashboard_func_test" name="test_dashboard_livetrackingverify" time="0.783"/>
  <testcase classname="baseClass.Common_functions" name="@BeforeTest launch_Browser" time="0.0">
    <ignored/>
  </testcase> <!-- @BeforeTest launch_Browser -->
  <testcase classname="baseClass.Common_functions" name="@AfterTest tear_Down" time="0.0">
    <ignored/>
  </testcase> <!-- @AfterTest tear_Down -->
  <testcase classname="baseClass.Common_functions" name="@AfterSuite teardownSuite" time="0.0">
    <ignored/>
  </testcase> <!-- @AfterSuite teardownSuite -->
  <testcase classname="baseClass.Common_functions" name="@BeforeSuite setupSuite" time="0.0">
    <ignored/>
  </testcase> <!-- @BeforeSuite setupSuite -->
</testsuite> <!-- Vm Trackers GPS Application Test -->
