<?xml version="1.0" encoding="UTF-8"?>
<!-- Generated by org.testng.reporters.JUnitXMLReporter -->
<testsuite ignored="8" hostname="Ranees" failures="0" tests="15" name="Vm Trackers GPS Application Test Flow 2" time="73.222" errors="0" timestamp="2025-07-21T08:04:13 IST">
  <testcase classname="testCases.Login_func_test" name="testValidLoginLogoutFunc" time="18.14"/>
  <testcase classname="testCases.Login_func_test" name="testInvalidLoginFunc" time="2.576"/>
  <testcase classname="testCases.Login_func_test" name="testInvalidLoginFunc" time="3.146"/>
  <testcase classname="testCases.Login_func_test" name="testInvalidLoginFunc" time="2.186"/>
  <testcase classname="testCases.Login_func_test" name="testInvalidLoginFunc" time="2.202"/>
  <testcase classname="testCases.Login_func_test" name="testInvalidLoginFunc" time="2.185"/>
  <testcase classname="testCases.Login_func_test" name="testInvalidLoginFunc" time="2.464"/>
  <testcase classname="testCases.Login_func_test" name="testInvalidLoginFunc" time="2.345"/>
  <testcase classname="testCases.Login_func_test" name="testInvalidLoginFunc" time="2.127"/>
  <testcase classname="testCases.Login_func_test" name="testInvalidLoginFunc" time="2.08"/>
  <testcase classname="testCases.Login_func_test" name="testInvalidLoginFunc" time="2.117"/>
  <testcase classname="testCases.Dashboard_func_test" name="test_dashboardfunc_profilenameverify" time="2.5"/>
  <testcase classname="testCases.Dashboard_func_test" name="test_dashboard_livetrackingverify" time="5.527"/>
  <testcase classname="testCases.Alert_func_test" name="test_alertypefunc" time="8.787"/>
  <testcase classname="testCases.Alert_func_test" name="test_selectdevicefunc" time="1.018"/>
  <testcase classname="baseClass.Common_functions" name="@AfterSuite teardownSuite" time="0.0">
    <ignored/>
  </testcase> <!-- @AfterSuite teardownSuite -->
  <testcase classname="baseClass.Common_functions" name="@AfterTest tearDown" time="0.0">
    <ignored/>
  </testcase> <!-- @AfterTest tearDown -->
  <testcase classname="baseClass.Common_functions" name="@BeforeTest launch_Browser" time="0.0">
    <ignored/>
  </testcase> <!-- @BeforeTest launch_Browser -->
  <testcase classname="baseClass.Common_functions" name="@AfterTest tearDown" time="0.0">
    <ignored/>
  </testcase> <!-- @AfterTest tearDown -->
  <testcase classname="baseClass.Common_functions" name="@BeforeTest launch_Browser" time="0.0">
    <ignored/>
  </testcase> <!-- @BeforeTest launch_Browser -->
  <testcase classname="baseClass.Common_functions" name="@AfterSuite teardownSuite" time="0.0">
    <ignored/>
  </testcase> <!-- @AfterSuite teardownSuite -->
  <testcase classname="baseClass.Common_functions" name="@BeforeSuite setupSuite" time="0.0">
    <ignored/>
  </testcase> <!-- @BeforeSuite setupSuite -->
  <testcase classname="baseClass.Common_functions" name="@BeforeSuite setupSuite" time="0.0">
    <ignored/>
  </testcase> <!-- @BeforeSuite setupSuite -->
</testsuite> <!-- Vm Trackers GPS Application Test Flow 2 -->
