<?xml version="1.0" encoding="UTF-8"?>
<!-- Generated by org.testng.reporters.JUnitXMLReporter -->
<testsuite ignored="8" hostname="Ranees" failures="0" tests="15" name="Vm Trackers GPS Application Test Flow 1" time="0.25" errors="0" timestamp="2025-07-08T20:15:20 IST">
  <testcase classname="testCases.Login_func_test" name="testValidLoginLogoutFunc" time="0.0">
    <skipped/>
  </testcase> <!-- testValidLoginLogoutFunc -->
  <testcase classname="testCases.Login_func_test" name="testInvalidLoginFunc" time="0.0">
    <skipped/>
  </testcase> <!-- testInvalidLoginFunc -->
  <testcase classname="testCases.Login_func_test" name="testInvalidLoginFunc" time="0.0">
    <skipped/>
  </testcase> <!-- testInvalidLoginFunc -->
  <testcase classname="testCases.Login_func_test" name="testInvalidLoginFunc" time="0.0">
    <skipped/>
  </testcase> <!-- testInvalidLoginFunc -->
  <testcase classname="testCases.Login_func_test" name="testInvalidLoginFunc" time="0.0">
    <skipped/>
  </testcase> <!-- testInvalidLoginFunc -->
  <testcase classname="testCases.Login_func_test" name="testInvalidLoginFunc" time="0.001">
    <skipped/>
  </testcase> <!-- testInvalidLoginFunc -->
  <testcase classname="testCases.Login_func_test" name="testInvalidLoginFunc" time="0.0">
    <skipped/>
  </testcase> <!-- testInvalidLoginFunc -->
  <testcase classname="testCases.Login_func_test" name="testInvalidLoginFunc" time="0.0">
    <skipped/>
  </testcase> <!-- testInvalidLoginFunc -->
  <testcase classname="testCases.Login_func_test" name="testInvalidLoginFunc" time="0.0">
    <skipped/>
  </testcase> <!-- testInvalidLoginFunc -->
  <testcase classname="testCases.Login_func_test" name="testInvalidLoginFunc" time="0.0">
    <skipped/>
  </testcase> <!-- testInvalidLoginFunc -->
  <testcase classname="testCases.Login_func_test" name="testInvalidLoginFunc" time="0.0">
    <skipped/>
  </testcase> <!-- testInvalidLoginFunc -->
  <testcase classname="testCases.Dashboard_func_test" name="test_dashboardfunc_profilenameverify" time="0.0">
    <skipped/>
  </testcase> <!-- test_dashboardfunc_profilenameverify -->
  <testcase classname="testCases.Dashboard_func_test" name="test_dashboard_livetrackingverify" time="0.0">
    <skipped/>
  </testcase> <!-- test_dashboard_livetrackingverify -->
  <testcase classname="testCases.GPS_device_test" name="test_gpsdevicepage_elements" time="0.0">
    <skipped/>
  </testcase> <!-- test_gpsdevicepage_elements -->
  <testcase classname="testCases.GPS_device_test" name="test_gpsdevicepage_printelementsInfo" time="0.0">
    <skipped/>
  </testcase> <!-- test_gpsdevicepage_printelementsInfo -->
  <testcase classname="baseClass.Common_functions" name="@BeforeSuite setupSuite" time="0.0">
    <ignored/>
  </testcase> <!-- @BeforeSuite setupSuite -->
  <testcase classname="baseClass.Common_functions" name="@BeforeSuite setupSuite" time="0.0">
    <ignored/>
  </testcase> <!-- @BeforeSuite setupSuite -->
  <testcase classname="baseClass.Common_functions" name="@BeforeTest launch_Browser" time="0.0">
    <ignored/>
  </testcase> <!-- @BeforeTest launch_Browser -->
  <testcase classname="baseClass.Common_functions" name="@BeforeTest launch_Browser" time="0.0">
    <ignored/>
  </testcase> <!-- @BeforeTest launch_Browser -->
  <testcase classname="baseClass.Common_functions" name="@AfterTest tearDown" time="0.0">
    <ignored/>
  </testcase> <!-- @AfterTest tearDown -->
  <testcase classname="baseClass.Common_functions" name="@AfterSuite teardownSuite" time="0.0">
    <ignored/>
  </testcase> <!-- @AfterSuite teardownSuite -->
  <testcase classname="baseClass.Common_functions" name="@AfterSuite teardownSuite" time="0.0">
    <ignored/>
  </testcase> <!-- @AfterSuite teardownSuite -->
  <testcase classname="baseClass.Common_functions" name="@AfterTest tearDown" time="0.0">
    <ignored/>
  </testcase> <!-- @AfterTest tearDown -->
</testsuite> <!-- Vm Trackers GPS Application Test Flow 1 -->
