<?xml version="1.0" encoding="UTF-8"?>
<!-- Generated by org.testng.reporters.JUnitXMLReporter -->
<testsuite ignored="0" hostname="Ranees" failures="11" tests="13" name="Vm Trackers GPS Application Test" time="0.23" errors="0" timestamp="2024-12-26T20:02:53 IST">
  <testcase classname="testCases.Login_func_test" name="test_login_logoutfunc" time="0.01">
    <failure type="java.lang.NullPointerException" message="Cannot invoke &amp;quot;com.aventstack.extentreports.ExtentReports.createTest(String)&amp;quot; because &amp;quot;extentReports.ExtentReportManager.extentReport&amp;quot; is null">
      <![CDATA[java.lang.NullPointerException: Cannot invoke "com.aventstack.extentreports.ExtentReports.createTest(String)" because "extentReports.ExtentReportManager.extentReport" is null
at testCases.Login_func_test.test_login_logoutfunc(Login_func_test.java:40)
at java.base/java.util.concurrent.Executors$RunnableAdapter.call(Executors.java:539)
at java.base/java.util.concurrent.FutureTask.run(FutureTask.java:264)
at java.base/java.util.concurrent.ThreadPoolExecutor.runWorker(ThreadPoolExecutor.java:1136)
at java.base/java.util.concurrent.ThreadPoolExecutor$Worker.run(ThreadPoolExecutor.java:635)
at java.base/java.lang.Thread.run(Thread.java:842)
... Removed 13 stack frames]]>
    </failure>
  </testcase> <!-- test_login_logoutfunc -->
  <testcase classname="testCases.Login_func_test" name="test_loginfunc" time="0.001">
    <failure type="java.lang.NullPointerException" message="Cannot invoke &amp;quot;com.aventstack.extentreports.ExtentReports.createTest(String)&amp;quot; because &amp;quot;extentReports.ExtentReportManager.extentReport&amp;quot; is null">
      <![CDATA[java.lang.NullPointerException: Cannot invoke "com.aventstack.extentreports.ExtentReports.createTest(String)" because "extentReports.ExtentReportManager.extentReport" is null
at testCases.Login_func_test.test_loginfunc(Login_func_test.java:84)
at java.base/java.util.concurrent.Executors$RunnableAdapter.call(Executors.java:539)
at java.base/java.util.concurrent.FutureTask.run(FutureTask.java:264)
at java.base/java.util.concurrent.ThreadPoolExecutor.runWorker(ThreadPoolExecutor.java:1136)
at java.base/java.util.concurrent.ThreadPoolExecutor$Worker.run(ThreadPoolExecutor.java:635)
at java.base/java.lang.Thread.run(Thread.java:842)
... Removed 13 stack frames]]>
    </failure>
  </testcase> <!-- test_loginfunc -->
  <testcase classname="testCases.Login_func_test" name="test_loginfunc" time="0.0">
    <failure type="java.lang.NullPointerException" message="Cannot invoke &amp;quot;com.aventstack.extentreports.ExtentReports.createTest(String)&amp;quot; because &amp;quot;extentReports.ExtentReportManager.extentReport&amp;quot; is null">
      <![CDATA[java.lang.NullPointerException: Cannot invoke "com.aventstack.extentreports.ExtentReports.createTest(String)" because "extentReports.ExtentReportManager.extentReport" is null
at testCases.Login_func_test.test_loginfunc(Login_func_test.java:84)
at java.base/java.util.concurrent.Executors$RunnableAdapter.call(Executors.java:539)
at java.base/java.util.concurrent.FutureTask.run(FutureTask.java:264)
at java.base/java.util.concurrent.ThreadPoolExecutor.runWorker(ThreadPoolExecutor.java:1136)
at java.base/java.util.concurrent.ThreadPoolExecutor$Worker.run(ThreadPoolExecutor.java:635)
at java.base/java.lang.Thread.run(Thread.java:842)
... Removed 13 stack frames]]>
    </failure>
  </testcase> <!-- test_loginfunc -->
  <testcase classname="testCases.Login_func_test" name="test_loginfunc" time="0.001">
    <failure type="java.lang.NullPointerException" message="Cannot invoke &amp;quot;com.aventstack.extentreports.ExtentReports.createTest(String)&amp;quot; because &amp;quot;extentReports.ExtentReportManager.extentReport&amp;quot; is null">
      <![CDATA[java.lang.NullPointerException: Cannot invoke "com.aventstack.extentreports.ExtentReports.createTest(String)" because "extentReports.ExtentReportManager.extentReport" is null
at testCases.Login_func_test.test_loginfunc(Login_func_test.java:84)
at java.base/java.util.concurrent.Executors$RunnableAdapter.call(Executors.java:539)
at java.base/java.util.concurrent.FutureTask.run(FutureTask.java:264)
at java.base/java.util.concurrent.ThreadPoolExecutor.runWorker(ThreadPoolExecutor.java:1136)
at java.base/java.util.concurrent.ThreadPoolExecutor$Worker.run(ThreadPoolExecutor.java:635)
at java.base/java.lang.Thread.run(Thread.java:842)
... Removed 13 stack frames]]>
    </failure>
  </testcase> <!-- test_loginfunc -->
  <testcase classname="testCases.Login_func_test" name="test_loginfunc" time="0.001">
    <failure type="java.lang.NullPointerException" message="Cannot invoke &amp;quot;com.aventstack.extentreports.ExtentReports.createTest(String)&amp;quot; because &amp;quot;extentReports.ExtentReportManager.extentReport&amp;quot; is null">
      <![CDATA[java.lang.NullPointerException: Cannot invoke "com.aventstack.extentreports.ExtentReports.createTest(String)" because "extentReports.ExtentReportManager.extentReport" is null
at testCases.Login_func_test.test_loginfunc(Login_func_test.java:84)
at java.base/java.util.concurrent.Executors$RunnableAdapter.call(Executors.java:539)
at java.base/java.util.concurrent.FutureTask.run(FutureTask.java:264)
at java.base/java.util.concurrent.ThreadPoolExecutor.runWorker(ThreadPoolExecutor.java:1136)
at java.base/java.util.concurrent.ThreadPoolExecutor$Worker.run(ThreadPoolExecutor.java:635)
at java.base/java.lang.Thread.run(Thread.java:842)
... Removed 13 stack frames]]>
    </failure>
  </testcase> <!-- test_loginfunc -->
  <testcase classname="testCases.Login_func_test" name="test_loginfunc" time="0.0">
    <failure type="java.lang.NullPointerException" message="Cannot invoke &amp;quot;com.aventstack.extentreports.ExtentReports.createTest(String)&amp;quot; because &amp;quot;extentReports.ExtentReportManager.extentReport&amp;quot; is null">
      <![CDATA[java.lang.NullPointerException: Cannot invoke "com.aventstack.extentreports.ExtentReports.createTest(String)" because "extentReports.ExtentReportManager.extentReport" is null
at testCases.Login_func_test.test_loginfunc(Login_func_test.java:84)
at java.base/java.util.concurrent.Executors$RunnableAdapter.call(Executors.java:539)
at java.base/java.util.concurrent.FutureTask.run(FutureTask.java:264)
at java.base/java.util.concurrent.ThreadPoolExecutor.runWorker(ThreadPoolExecutor.java:1136)
at java.base/java.util.concurrent.ThreadPoolExecutor$Worker.run(ThreadPoolExecutor.java:635)
at java.base/java.lang.Thread.run(Thread.java:842)
... Removed 13 stack frames]]>
    </failure>
  </testcase> <!-- test_loginfunc -->
  <testcase classname="testCases.Login_func_test" name="test_loginfunc" time="0.0">
    <failure type="java.lang.NullPointerException" message="Cannot invoke &amp;quot;com.aventstack.extentreports.ExtentReports.createTest(String)&amp;quot; because &amp;quot;extentReports.ExtentReportManager.extentReport&amp;quot; is null">
      <![CDATA[java.lang.NullPointerException: Cannot invoke "com.aventstack.extentreports.ExtentReports.createTest(String)" because "extentReports.ExtentReportManager.extentReport" is null
at testCases.Login_func_test.test_loginfunc(Login_func_test.java:84)
at java.base/java.util.concurrent.Executors$RunnableAdapter.call(Executors.java:539)
at java.base/java.util.concurrent.FutureTask.run(FutureTask.java:264)
at java.base/java.util.concurrent.ThreadPoolExecutor.runWorker(ThreadPoolExecutor.java:1136)
at java.base/java.util.concurrent.ThreadPoolExecutor$Worker.run(ThreadPoolExecutor.java:635)
at java.base/java.lang.Thread.run(Thread.java:842)
... Removed 13 stack frames]]>
    </failure>
  </testcase> <!-- test_loginfunc -->
  <testcase classname="testCases.Login_func_test" name="test_loginfunc" time="0.001">
    <failure type="java.lang.NullPointerException" message="Cannot invoke &amp;quot;com.aventstack.extentreports.ExtentReports.createTest(String)&amp;quot; because &amp;quot;extentReports.ExtentReportManager.extentReport&amp;quot; is null">
      <![CDATA[java.lang.NullPointerException: Cannot invoke "com.aventstack.extentreports.ExtentReports.createTest(String)" because "extentReports.ExtentReportManager.extentReport" is null
at testCases.Login_func_test.test_loginfunc(Login_func_test.java:84)
at java.base/java.util.concurrent.Executors$RunnableAdapter.call(Executors.java:539)
at java.base/java.util.concurrent.FutureTask.run(FutureTask.java:264)
at java.base/java.util.concurrent.ThreadPoolExecutor.runWorker(ThreadPoolExecutor.java:1136)
at java.base/java.util.concurrent.ThreadPoolExecutor$Worker.run(ThreadPoolExecutor.java:635)
at java.base/java.lang.Thread.run(Thread.java:842)
... Removed 13 stack frames]]>
    </failure>
  </testcase> <!-- test_loginfunc -->
  <testcase classname="testCases.Login_func_test" name="test_loginfunc" time="0.0">
    <failure type="java.lang.NullPointerException" message="Cannot invoke &amp;quot;com.aventstack.extentreports.ExtentReports.createTest(String)&amp;quot; because &amp;quot;extentReports.ExtentReportManager.extentReport&amp;quot; is null">
      <![CDATA[java.lang.NullPointerException: Cannot invoke "com.aventstack.extentreports.ExtentReports.createTest(String)" because "extentReports.ExtentReportManager.extentReport" is null
at testCases.Login_func_test.test_loginfunc(Login_func_test.java:84)
at java.base/java.util.concurrent.Executors$RunnableAdapter.call(Executors.java:539)
at java.base/java.util.concurrent.FutureTask.run(FutureTask.java:264)
at java.base/java.util.concurrent.ThreadPoolExecutor.runWorker(ThreadPoolExecutor.java:1136)
at java.base/java.util.concurrent.ThreadPoolExecutor$Worker.run(ThreadPoolExecutor.java:635)
at java.base/java.lang.Thread.run(Thread.java:842)
... Removed 13 stack frames]]>
    </failure>
  </testcase> <!-- test_loginfunc -->
  <testcase classname="testCases.Login_func_test" name="test_loginfunc" time="0.0">
    <failure type="java.lang.NullPointerException" message="Cannot invoke &amp;quot;com.aventstack.extentreports.ExtentReports.createTest(String)&amp;quot; because &amp;quot;extentReports.ExtentReportManager.extentReport&amp;quot; is null">
      <![CDATA[java.lang.NullPointerException: Cannot invoke "com.aventstack.extentreports.ExtentReports.createTest(String)" because "extentReports.ExtentReportManager.extentReport" is null
at testCases.Login_func_test.test_loginfunc(Login_func_test.java:84)
at java.base/java.util.concurrent.Executors$RunnableAdapter.call(Executors.java:539)
at java.base/java.util.concurrent.FutureTask.run(FutureTask.java:264)
at java.base/java.util.concurrent.ThreadPoolExecutor.runWorker(ThreadPoolExecutor.java:1136)
at java.base/java.util.concurrent.ThreadPoolExecutor$Worker.run(ThreadPoolExecutor.java:635)
at java.base/java.lang.Thread.run(Thread.java:842)
... Removed 13 stack frames]]>
    </failure>
  </testcase> <!-- test_loginfunc -->
  <testcase classname="testCases.Login_func_test" name="test_loginfunc" time="0.001">
    <failure type="java.lang.NullPointerException" message="Cannot invoke &amp;quot;com.aventstack.extentreports.ExtentReports.createTest(String)&amp;quot; because &amp;quot;extentReports.ExtentReportManager.extentReport&amp;quot; is null">
      <![CDATA[java.lang.NullPointerException: Cannot invoke "com.aventstack.extentreports.ExtentReports.createTest(String)" because "extentReports.ExtentReportManager.extentReport" is null
at testCases.Login_func_test.test_loginfunc(Login_func_test.java:84)
at java.base/java.util.concurrent.Executors$RunnableAdapter.call(Executors.java:539)
at java.base/java.util.concurrent.FutureTask.run(FutureTask.java:264)
at java.base/java.util.concurrent.ThreadPoolExecutor.runWorker(ThreadPoolExecutor.java:1136)
at java.base/java.util.concurrent.ThreadPoolExecutor$Worker.run(ThreadPoolExecutor.java:635)
at java.base/java.lang.Thread.run(Thread.java:842)
... Removed 13 stack frames]]>
    </failure>
  </testcase> <!-- test_loginfunc -->
  <testcase classname="testCases.Dashboard_func_test" name="test_dashboardfunc_profilenameverify" time="0.0">
    <skipped/>
  </testcase> <!-- test_dashboardfunc_profilenameverify -->
  <testcase classname="testCases.Dashboard_func_test" name="test_dashboard_livetrackingverify" time="0.0">
    <skipped/>
  </testcase> <!-- test_dashboard_livetrackingverify -->
</testsuite> <!-- Vm Trackers GPS Application Test -->
