<?xml version="1.0" encoding="UTF-8"?>
<!-- Generated by org.testng.reporters.JUnitXMLReporter -->
<testsuite ignored="12" hostname="Ranees" failures="0" tests="15" name="Default test" time="38.738" errors="0" timestamp="2025-01-04T12:20:40 IST">
  <testcase classname="testCases.Login_func_test" name="test_login_logoutfunc" time="3.398"/>
  <testcase classname="testCases.Login_func_test" name="test_loginfunc" time="1.511"/>
  <testcase classname="testCases.Login_func_test" name="test_loginfunc" time="1.107"/>
  <testcase classname="testCases.Login_func_test" name="test_loginfunc" time="1.108"/>
  <testcase classname="testCases.Login_func_test" name="test_loginfunc" time="1.06"/>
  <testcase classname="testCases.Login_func_test" name="test_loginfunc" time="1.102"/>
  <testcase classname="testCases.Login_func_test" name="test_loginfunc" time="0.89"/>
  <testcase classname="testCases.Login_func_test" name="test_loginfunc" time="1.049"/>
  <testcase classname="testCases.Login_func_test" name="test_loginfunc" time="0.901"/>
  <testcase classname="testCases.Login_func_test" name="test_loginfunc" time="0.721"/>
  <testcase classname="testCases.Login_func_test" name="test_loginfunc" time="0.824"/>
  <testcase classname="testCases.Dashboard_func_test" name="test_dashboardfunc_profilenameverify" time="1.224"/>
  <testcase classname="testCases.Dashboard_func_test" name="test_dashboard_livetrackingverify" time="0.554"/>
  <testcase classname="testCases.GPS_device_test" name="test_gpsdevicepage_elements" time="0.256"/>
  <testcase classname="testCases.GPS_device_test" name="test_gpsdevicepage_printelementsInfo" time="0.329"/>
  <testcase classname="baseClass.Common_functions" name="@AfterSuite teardownSuite" time="0.0">
    <ignored/>
  </testcase> <!-- @AfterSuite teardownSuite -->
  <testcase classname="baseClass.Common_functions" name="@BeforeSuite setupSuite" time="0.0">
    <ignored/>
  </testcase> <!-- @BeforeSuite setupSuite -->
  <testcase classname="baseClass.Common_functions" name="@AfterTest tear_Down" time="0.0">
    <ignored/>
  </testcase> <!-- @AfterTest tear_Down -->
  <testcase classname="baseClass.Common_functions" name="@BeforeTest launch_Browser" time="0.0">
    <ignored/>
  </testcase> <!-- @BeforeTest launch_Browser -->
  <testcase classname="baseClass.Common_functions" name="@BeforeSuite setupSuite" time="0.0">
    <ignored/>
  </testcase> <!-- @BeforeSuite setupSuite -->
  <testcase classname="baseClass.Common_functions" name="@BeforeSuite setupSuite" time="0.0">
    <ignored/>
  </testcase> <!-- @BeforeSuite setupSuite -->
  <testcase classname="baseClass.Common_functions" name="@AfterSuite teardownSuite" time="0.0">
    <ignored/>
  </testcase> <!-- @AfterSuite teardownSuite -->
  <testcase classname="baseClass.Common_functions" name="@AfterSuite teardownSuite" time="0.0">
    <ignored/>
  </testcase> <!-- @AfterSuite teardownSuite -->
  <testcase classname="baseClass.Common_functions" name="@AfterTest tear_Down" time="0.0">
    <ignored/>
  </testcase> <!-- @AfterTest tear_Down -->
  <testcase classname="baseClass.Common_functions" name="@BeforeTest launch_Browser" time="0.0">
    <ignored/>
  </testcase> <!-- @BeforeTest launch_Browser -->
  <testcase classname="baseClass.Common_functions" name="@BeforeTest launch_Browser" time="0.0">
    <ignored/>
  </testcase> <!-- @BeforeTest launch_Browser -->
  <testcase classname="baseClass.Common_functions" name="@AfterTest tear_Down" time="0.0">
    <ignored/>
  </testcase> <!-- @AfterTest tear_Down -->
</testsuite> <!-- Default test -->
