<?xml version="1.0" encoding="UTF-8"?>
<!-- Generated by org.testng.reporters.JUnitXMLReporter -->
<testsuite ignored="0" hostname="Ranees" failures="0" tests="11" name="Default test" time="24.445" errors="0" timestamp="2024-12-22T15:48:20 IST">
  <testcase classname="testCases.Login_func_test" name="test_login_logoutfunc" time="3.952"/>
  <testcase classname="testCases.Login_func_test" name="test_loginfunc" time="1.313"/>
  <testcase classname="testCases.Login_func_test" name="test_loginfunc" time="0.979"/>
  <testcase classname="testCases.Login_func_test" name="test_loginfunc" time="1.185"/>
  <testcase classname="testCases.Login_func_test" name="test_loginfunc" time="0.933"/>
  <testcase classname="testCases.Login_func_test" name="test_loginfunc" time="0.701"/>
  <testcase classname="testCases.Login_func_test" name="test_loginfunc" time="0.967"/>
  <testcase classname="testCases.Login_func_test" name="test_loginfunc" time="0.979"/>
  <testcase classname="testCases.Login_func_test" name="test_loginfunc" time="0.982"/>
  <testcase classname="testCases.Login_func_test" name="test_loginfunc" time="1.052"/>
  <testcase classname="testCases.Login_func_test" name="test_loginfunc" time="1.035"/>
</testsuite> <!-- Default test -->
