<?xml version="1.0" encoding="UTF-8"?>
<!-- Generated by org.testng.reporters.JUnitXMLReporter -->
<testsuite ignored="8" hostname="Ranees" failures="0" tests="15" name="Test" time="21.988" errors="0" timestamp="2025-02-19T11:51:35 IST">
  <testcase classname="testCases.Login_func_test" name="test_login_logoutfunc" time="2.746"/>
  <testcase classname="testCases.Login_func_test" name="test_loginfunc" time="1.061"/>
  <testcase classname="testCases.Login_func_test" name="test_loginfunc" time="0.863"/>
  <testcase classname="testCases.Login_func_test" name="test_loginfunc" time="0.767"/>
  <testcase classname="testCases.Login_func_test" name="test_loginfunc" time="0.639"/>
  <testcase classname="testCases.Login_func_test" name="test_loginfunc" time="0.638"/>
  <testcase classname="testCases.Login_func_test" name="test_loginfunc" time="0.816"/>
  <testcase classname="testCases.Login_func_test" name="test_loginfunc" time="0.721"/>
  <testcase classname="testCases.Login_func_test" name="test_loginfunc" time="0.7"/>
  <testcase classname="testCases.Login_func_test" name="test_loginfunc" time="0.7"/>
  <testcase classname="testCases.Login_func_test" name="test_loginfunc" time="0.72"/>
  <testcase classname="testCases.Dashboard_func_test" name="test_dashboardfunc_profilenameverify" time="1.235"/>
  <testcase classname="testCases.Dashboard_func_test" name="test_dashboard_livetrackingverify" time="0.852"/>
  <testcase classname="testCases.GPS_device_test" name="test_gpsdevicepage_elements" time="0.611"/>
  <testcase classname="testCases.GPS_device_test" name="test_gpsdevicepage_printelementsInfo" time="0.187"/>
  <testcase classname="baseClass.Common_functions" name="@AfterSuite teardownSuite" time="0.0">
    <ignored/>
  </testcase> <!-- @AfterSuite teardownSuite -->
  <testcase classname="baseClass.Common_functions" name="@BeforeTest launch_Browser" time="0.0">
    <ignored/>
  </testcase> <!-- @BeforeTest launch_Browser -->
  <testcase classname="baseClass.Common_functions" name="@AfterTest tear_Down" time="0.0">
    <ignored/>
  </testcase> <!-- @AfterTest tear_Down -->
  <testcase classname="baseClass.Common_functions" name="@BeforeSuite setupSuite" time="0.0">
    <ignored/>
  </testcase> <!-- @BeforeSuite setupSuite -->
  <testcase classname="baseClass.Common_functions" name="@BeforeSuite setupSuite" time="0.0">
    <ignored/>
  </testcase> <!-- @BeforeSuite setupSuite -->
  <testcase classname="baseClass.Common_functions" name="@AfterSuite teardownSuite" time="0.0">
    <ignored/>
  </testcase> <!-- @AfterSuite teardownSuite -->
  <testcase classname="baseClass.Common_functions" name="@BeforeTest launch_Browser" time="0.0">
    <ignored/>
  </testcase> <!-- @BeforeTest launch_Browser -->
  <testcase classname="baseClass.Common_functions" name="@AfterTest tear_Down" time="0.0">
    <ignored/>
  </testcase> <!-- @AfterTest tear_Down -->
</testsuite> <!-- Test -->
