<?xml version="1.0" encoding="UTF-8"?>
<!-- Generated by org.testng.reporters.JUnitXMLReporter -->
<testsuite ignored="4" hostname="Ranees" failures="0" tests="13" name="Vm Trackers GPS Application Test" time="24.096" errors="0" timestamp="2024-12-22T01:03:47 IST">
  <testcase classname="testCases.Login_func_test" name="test_login_logoutfunc" time="3.769"/>
  <testcase classname="testCases.Login_func_test" name="test_loginfunc" time="1.083"/>
  <testcase classname="testCases.Login_func_test" name="test_loginfunc" time="0.834"/>
  <testcase classname="testCases.Login_func_test" name="test_loginfunc" time="0.818"/>
  <testcase classname="testCases.Login_func_test" name="test_loginfunc" time="0.707"/>
  <testcase classname="testCases.Login_func_test" name="test_loginfunc" time="0.8"/>
  <testcase classname="testCases.Login_func_test" name="test_loginfunc" time="0.763"/>
  <testcase classname="testCases.Login_func_test" name="test_loginfunc" time="1.191"/>
  <testcase classname="testCases.Login_func_test" name="test_loginfunc" time="1.084"/>
  <testcase classname="testCases.Login_func_test" name="test_loginfunc" time="1.063"/>
  <testcase classname="testCases.Login_func_test" name="test_loginfunc" time="0.999"/>
  <testcase classname="testCases.Dashboard_func_test" name="test_dashboardfunc_profilenameverify" time="1.525"/>
  <testcase classname="testCases.Dashboard_func_test" name="test_dashboard_livetrackingverify" time="0.733"/>
  <testcase classname="baseClass.Common_functions" name="@BeforeSuite setupSuite" time="0.0">
    <ignored/>
  </testcase> <!-- @BeforeSuite setupSuite -->
  <testcase classname="baseClass.Common_functions" name="@AfterSuite teardownSuite" time="0.0">
    <ignored/>
  </testcase> <!-- @AfterSuite teardownSuite -->
  <testcase classname="baseClass.Common_functions" name="@AfterTest tear_Down" time="0.0">
    <ignored/>
  </testcase> <!-- @AfterTest tear_Down -->
  <testcase classname="baseClass.Common_functions" name="@BeforeTest launch_Browser" time="0.0">
    <ignored/>
  </testcase> <!-- @BeforeTest launch_Browser -->
</testsuite> <!-- Vm Trackers GPS Application Test -->
