<?xml version="1.0" encoding="UTF-8"?>
<!-- Generated by org.testng.reporters.JUnitXMLReporter -->
<testsuite ignored="4" hostname="Ranees" failures="0" tests="13" name="Vm Trackers GPS Application Test" time="22.281" errors="0" timestamp="2024-12-22T01:11:19 IST">
  <testcase classname="testCases.Login_func_test" name="test_login_logoutfunc" time="3.101"/>
  <testcase classname="testCases.Login_func_test" name="test_loginfunc" time="1.061"/>
  <testcase classname="testCases.Login_func_test" name="test_loginfunc" time="0.774"/>
  <testcase classname="testCases.Login_func_test" name="test_loginfunc" time="0.758"/>
  <testcase classname="testCases.Login_func_test" name="test_loginfunc" time="0.672"/>
  <testcase classname="testCases.Login_func_test" name="test_loginfunc" time="0.738"/>
  <testcase classname="testCases.Login_func_test" name="test_loginfunc" time="0.716"/>
  <testcase classname="testCases.Login_func_test" name="test_loginfunc" time="1.002"/>
  <testcase classname="testCases.Login_func_test" name="test_loginfunc" time="1.017"/>
  <testcase classname="testCases.Login_func_test" name="test_loginfunc" time="0.9"/>
  <testcase classname="testCases.Login_func_test" name="test_loginfunc" time="0.984"/>
  <testcase classname="testCases.Dashboard_func_test" name="test_dashboardfunc_profilenameverify" time="1.226"/>
  <testcase classname="testCases.Dashboard_func_test" name="test_dashboard_livetrackingverify" time="0.754"/>
  <testcase classname="baseClass.Common_functions" name="@BeforeSuite setupSuite" time="0.0">
    <ignored/>
  </testcase> <!-- @BeforeSuite setupSuite -->
  <testcase classname="baseClass.Common_functions" name="@AfterSuite teardownSuite" time="0.0">
    <ignored/>
  </testcase> <!-- @AfterSuite teardownSuite -->
  <testcase classname="baseClass.Common_functions" name="@AfterTest tear_Down" time="0.0">
    <ignored/>
  </testcase> <!-- @AfterTest tear_Down -->
  <testcase classname="baseClass.Common_functions" name="@BeforeTest launch_Browser" time="0.0">
    <ignored/>
  </testcase> <!-- @BeforeTest launch_Browser -->
</testsuite> <!-- Vm Trackers GPS Application Test -->
