<?xml version="1.0" encoding="UTF-8"?>
<testsuite xmlns:xsi="http://www.w3.org/2001/XMLSchema-instance" xsi:noNamespaceSchemaLocation="https://maven.apache.org/surefire/maven-surefire-plugin/xsd/surefire-test-report.xsd" version="3.0.2" name="TestSuite" time="27.616" tests="17" errors="0" skipped="0" failures="0">
  <properties>
[...]
</properties>
  <testcase name="test_login_logoutfunc[tonyboniee@gmail.com, Ranees@12345, Succuessfully LoggedIn](1)" classname="testCases.Login_func_test" time="2.806">
    <system-out><![CDATA[Starting before suite method..
Initializing ExtentReports...
ExtentReports initialized successfully.
Initializing ExtentReports...
ExtentReports initialized successfully.
Starting the login functionality test...
Login functionality test has started successfully..
Test Login and Logout Function Method 39
]]></system-out>
    <system-err><![CDATA[SLF4J: Failed to load class "org.slf4j.impl.StaticLoggerBinder".
SLF4J: Defaulting to no-operation (NOP) logger implementation
SLF4J: See http://www.slf4j.org/codes.html#StaticLoggerBinder for further details.
Mar 03, 2025 5:37:42 PM org.openqa.selenium.devtools.CdpVersionFinder findNearestMatch
WARNING: Unable to find an exact match for CDP version 133, returning the closest version; found: 130; Please update to a Selenium version that supports CDP version 133
]]></system-err>
  </testcase>
  <testcase name="test_loginfunc[tonyboniee@gmail.com, Raneessu@123456, You have entered Invalid Password](1)" classname="testCases.Login_func_test" time="0.879">
    <system-out><![CDATA[Assertion Passed
Test Login Function Method 39
]]></system-out>
  </testcase>
  <testcase name="test_loginfunc[tonybonniee@gmail.abc, Ranees@12345, User does not exists](2)" classname="testCases.Login_func_test" time="0.828">
    <system-out><![CDATA[Assertion Passed
Test Login Function Method 39
]]></system-out>
  </testcase>
  <testcase name="test_loginfunc[tonybonieaeu@gmaill.xyz, Raneessn@123456, User does not exists](3)" classname="testCases.Login_func_test" time="0.774">
    <system-out><![CDATA[Assertion Passed
Test Login Function Method 39
]]></system-out>
  </testcase>
  <testcase name="test_loginfunc[tonyboniee@gmail.com, , Please Enter Password](4)" classname="testCases.Login_func_test" time="0.645">
    <system-out><![CDATA[Assertion Passed
Test Login Function Method 39
]]></system-out>
  </testcase>
  <testcase name="test_loginfunc[, Ranees@12345, Please Enter Valid Email](5)" classname="testCases.Login_func_test" time="0.649">
    <system-out><![CDATA[Assertion Passed
Test Login Function Method 39
]]></system-out>
  </testcase>
  <testcase name="test_loginfunc[Null, Null, Please Enter Valid Email](6)" classname="testCases.Login_func_test" time="0.623">
    <system-out><![CDATA[Assertion Passed
Test Login Function Method 39
]]></system-out>
  </testcase>
  <testcase name="test_loginfunc[TonyBoniee@Gmail.Com, Ranees@12345, User does not exists](7)" classname="testCases.Login_func_test" time="0.844">
    <system-out><![CDATA[Assertion Passed
Test Login Function Method 39
]]></system-out>
  </testcase>
  <testcase name="test_loginfunc[(&apos;tonyboniee@gmail.com&apos;):, Ranees: @&apos;12345&apos;, Please Enter Valid Email](8)" classname="testCases.Login_func_test" time="1.04">
    <system-out><![CDATA[Assertion Passed
Test Login Function Method 39
]]></system-out>
  </testcase>
  <testcase name="test_loginfunc[&lt;tonyboniee@gmail.com&gt;&lt;/&gt;, Ranees@12345, Please Enter Valid Email](9)" classname="testCases.Login_func_test" time="0.778">
    <system-out><![CDATA[Assertion Passed
Test Login Function Method 39
]]></system-out>
  </testcase>
  <testcase name="test_loginfunc[tonyboniee@gmail.com, Rn@!@#$%, You have entered Invalid Password](10)" classname="testCases.Login_func_test" time="0.725">
    <system-out><![CDATA[Assertion Passed
Test Login Function Method 39
]]></system-out>
  </testcase>
  <testcase name="test_dashboardfunc_profilenameverify[tonyboniee@gmail.com, Ranees@12345, Succuessfully LoggedIn](1)" classname="testCases.Dashboard_func_test" time="0.908">
    <system-out><![CDATA[Test Dashboard Profile Verify Method 40
]]></system-out>
  </testcase>
  <testcase name="test_dashboard_livetrackingverify" classname="testCases.Dashboard_func_test" time="0.855">
    <system-out><![CDATA[Test Dashboard Live Tracking Verify Method 40
]]></system-out>
  </testcase>
  <testcase name="test_gpsdevicepage_elements" classname="testCases.GPS_device_test" time="0.56">
    <system-out><![CDATA[Test GPS Device Page Elements Validation Method 43
]]></system-out>
  </testcase>
  <testcase name="test_gpsdevicepage_printelementsInfo" classname="testCases.GPS_device_test" time="0.29">
    <system-out><![CDATA[Print Elements Info: Add Device
Device Information
Device IMEI No *
Device Name *
Product Information
Select Device Type
Vehicle
Browse
Upload Image (Optional)
Brand Name *
Vehicle Model *
Vehicle Type
Car
Registration No *
Select color
Manufactured Year
2025
Fuel Type
Petrol
Milege
Min Milege *
Max Milege *
Max Speed *
Tag (Optional)
Cancel
Submit
Test GPS Add Device Pop Up Page Elements Info Print Method 43
]]></system-out>
  </testcase>
  <testcase name="test_alertypefunc" classname="testCases.Alert_func_test" time="1.279">
    <system-out><![CDATA[Alert Type Element Values: 
All
Geo Fence
Over Speed
SOS

]]></system-out>
  </testcase>
  <testcase name="test_selectdevicefunc" classname="testCases.Alert_func_test" time="0.706"/>
</testsuite>