<?xml version="1.0" encoding="UTF-8"?>
<testng-results ignored="0" total="30" passed="30" failed="0" skipped="0">
  <reporter-output>
  </reporter-output>
  <suite started-at="2025-07-21T08:03:00 IST" name="VM Maps Suite" finished-at="2025-07-21T08:04:31 IST" duration-ms="91274">
    <groups>
      <group name="functional">
        <method signature="Dashboard_func_test.test_dashboardfunc_profilenameverify(java.lang.String,java.lang.String,java.lang.String)[pri:1, instance:testCases.Dashboard_func_test@2a798d51]" name="test_dashboardfunc_profilenameverify" class="testCases.Dashboard_func_test"/>
        <method signature="Dashboard_func_test.test_dashboard_livetrackingverify()[pri:2, instance:testCases.Dashboard_func_test@2a798d51]" name="test_dashboard_livetrackingverify" class="testCases.Dashboard_func_test"/>
        <method signature="Dashboard_func_test.test_dashboardfunc_profilenameverify(java.lang.String,java.lang.String,java.lang.String)[pri:1, instance:testCases.Dashboard_func_test@14cd1699]" name="test_dashboardfunc_profilenameverify" class="testCases.Dashboard_func_test"/>
        <method signature="GPS_device_test.test_gpsdevicepage_elements()[pri:1, instance:testCases.GPS_device_test@77888435]" name="test_gpsdevicepage_elements" class="testCases.GPS_device_test"/>
        <method signature="Dashboard_func_test.test_dashboard_livetrackingverify()[pri:2, instance:testCases.Dashboard_func_test@14cd1699]" name="test_dashboard_livetrackingverify" class="testCases.Dashboard_func_test"/>
        <method signature="GPS_device_test.test_gpsdevicepage_printelementsInfo()[pri:2, instance:testCases.GPS_device_test@77888435]" name="test_gpsdevicepage_printelementsInfo" class="testCases.GPS_device_test"/>
      </group> <!-- functional -->
      <group name="gpsdevice">
        <method signature="GPS_device_test.test_gpsdevicepage_elements()[pri:1, instance:testCases.GPS_device_test@77888435]" name="test_gpsdevicepage_elements" class="testCases.GPS_device_test"/>
        <method signature="GPS_device_test.test_gpsdevicepage_printelementsInfo()[pri:2, instance:testCases.GPS_device_test@77888435]" name="test_gpsdevicepage_printelementsInfo" class="testCases.GPS_device_test"/>
      </group> <!-- gpsdevice -->
      <group name="regression">
        <method signature="Login_func_test.testValidLoginLogoutFunc(java.lang.String,java.lang.String,java.lang.String)[pri:1, instance:testCases.Login_func_test@59309333]" name="testValidLoginLogoutFunc" class="testCases.Login_func_test"/>
        <method signature="Login_func_test.testInvalidLoginFunc(java.lang.String,java.lang.String,java.lang.String)[pri:2, instance:testCases.Login_func_test@59309333]" name="testInvalidLoginFunc" class="testCases.Login_func_test"/>
        <method signature="Login_func_test.testValidLoginLogoutFunc(java.lang.String,java.lang.String,java.lang.String)[pri:1, instance:testCases.Login_func_test@76505305]" name="testValidLoginLogoutFunc" class="testCases.Login_func_test"/>
        <method signature="Login_func_test.testInvalidLoginFunc(java.lang.String,java.lang.String,java.lang.String)[pri:2, instance:testCases.Login_func_test@76505305]" name="testInvalidLoginFunc" class="testCases.Login_func_test"/>
      </group> <!-- regression -->
      <group name="smoke">
        <method signature="Alert_func_test.test_alertypefunc()[pri:1, instance:testCases.Alert_func_test@6d763516]" name="test_alertypefunc" class="testCases.Alert_func_test"/>
        <method signature="Alert_func_test.test_selectdevicefunc()[pri:2, instance:testCases.Alert_func_test@6d763516]" name="test_selectdevicefunc" class="testCases.Alert_func_test"/>
      </group> <!-- smoke -->
      <group name="login">
        <method signature="Login_func_test.testValidLoginLogoutFunc(java.lang.String,java.lang.String,java.lang.String)[pri:1, instance:testCases.Login_func_test@59309333]" name="testValidLoginLogoutFunc" class="testCases.Login_func_test"/>
        <method signature="Login_func_test.testInvalidLoginFunc(java.lang.String,java.lang.String,java.lang.String)[pri:2, instance:testCases.Login_func_test@59309333]" name="testInvalidLoginFunc" class="testCases.Login_func_test"/>
        <method signature="Login_func_test.testValidLoginLogoutFunc(java.lang.String,java.lang.String,java.lang.String)[pri:1, instance:testCases.Login_func_test@76505305]" name="testValidLoginLogoutFunc" class="testCases.Login_func_test"/>
        <method signature="Login_func_test.testInvalidLoginFunc(java.lang.String,java.lang.String,java.lang.String)[pri:2, instance:testCases.Login_func_test@76505305]" name="testInvalidLoginFunc" class="testCases.Login_func_test"/>
      </group> <!-- login -->
      <group name="dashboard">
        <method signature="Dashboard_func_test.test_dashboardfunc_profilenameverify(java.lang.String,java.lang.String,java.lang.String)[pri:1, instance:testCases.Dashboard_func_test@2a798d51]" name="test_dashboardfunc_profilenameverify" class="testCases.Dashboard_func_test"/>
        <method signature="Dashboard_func_test.test_dashboard_livetrackingverify()[pri:2, instance:testCases.Dashboard_func_test@2a798d51]" name="test_dashboard_livetrackingverify" class="testCases.Dashboard_func_test"/>
        <method signature="Dashboard_func_test.test_dashboardfunc_profilenameverify(java.lang.String,java.lang.String,java.lang.String)[pri:1, instance:testCases.Dashboard_func_test@14cd1699]" name="test_dashboardfunc_profilenameverify" class="testCases.Dashboard_func_test"/>
        <method signature="Dashboard_func_test.test_dashboard_livetrackingverify()[pri:2, instance:testCases.Dashboard_func_test@14cd1699]" name="test_dashboard_livetrackingverify" class="testCases.Dashboard_func_test"/>
      </group> <!-- dashboard -->
    </groups>
    <test started-at="2025-07-21T08:03:00 IST" name="Vm Trackers GPS Application Test Flow 2" finished-at="2025-07-21T08:04:13 IST" duration-ms="73222">
      <class name="testCases.Dashboard_func_test">
        <test-method signature="test_dashboardfunc_profilenameverify(java.lang.String,java.lang.String,java.lang.String)[pri:1, instance:testCases.Dashboard_func_test@2a798d51]" started-at="2025-07-21T08:03:54 IST" name="test_dashboardfunc_profilenameverify" data-provider="logintestData1" depends-on-groups="login" finished-at="2025-07-21T08:03:56 IST" duration-ms="2500" status="PASS">
          <params>
            <param index="0">
              <value>
                <![CDATA[tonyboniee@gmail.com]]>
              </value>
            </param>
            <param index="1">
              <value>
                <![CDATA[Ranees@12345]]>
              </value>
            </param>
            <param index="2">
              <value>
                <![CDATA[Logged In Successfully]]>
              </value>
            </param>
          </params>
          <reporter-output>
          </reporter-output>
        </test-method> <!-- test_dashboardfunc_profilenameverify -->
        <test-method signature="test_dashboard_livetrackingverify()[pri:2, instance:testCases.Dashboard_func_test@2a798d51]" started-at="2025-07-21T08:03:56 IST" name="test_dashboard_livetrackingverify" depends-on-groups="login" finished-at="2025-07-21T08:04:02 IST" duration-ms="5527" status="PASS">
          <reporter-output>
          </reporter-output>
        </test-method> <!-- test_dashboard_livetrackingverify -->
      </class> <!-- testCases.Dashboard_func_test -->
      <class name="testCases.Login_func_test">
        <test-method is-config="true" signature="launch_Browser(org.testng.ITestContext,java.lang.String)[pri:0, instance:testCases.Login_func_test@59309333]" started-at="2025-07-21T08:03:00 IST" name="launch_Browser" finished-at="2025-07-21T08:03:12 IST" duration-ms="11833" status="PASS">
          <params>
            <param index="0">
              <value>
                <![CDATA[org.testng.TestRunner@bb9e6dc]]>
              </value>
            </param>
            <param index="1">
              <value>
                <![CDATA[chrome]]>
              </value>
            </param>
          </params>
          <reporter-output>
          </reporter-output>
        </test-method> <!-- launch_Browser -->
        <test-method signature="testValidLoginLogoutFunc(java.lang.String,java.lang.String,java.lang.String)[pri:1, instance:testCases.Login_func_test@59309333]" started-at="2025-07-21T08:03:12 IST" name="testValidLoginLogoutFunc" data-provider="logintestData1" finished-at="2025-07-21T08:03:30 IST" duration-ms="18140" status="PASS">
          <params>
            <param index="0">
              <value>
                <![CDATA[tonyboniee@gmail.com]]>
              </value>
            </param>
            <param index="1">
              <value>
                <![CDATA[Ranees@12345]]>
              </value>
            </param>
            <param index="2">
              <value>
                <![CDATA[Logged In Successfully]]>
              </value>
            </param>
          </params>
          <reporter-output>
          </reporter-output>
        </test-method> <!-- testValidLoginLogoutFunc -->
        <test-method signature="testInvalidLoginFunc(java.lang.String,java.lang.String,java.lang.String)[pri:2, instance:testCases.Login_func_test@59309333]" started-at="2025-07-21T08:03:30 IST" name="testInvalidLoginFunc" data-provider="logintestData2" finished-at="2025-07-21T08:03:33 IST" duration-ms="2576" status="PASS">
          <params>
            <param index="0">
              <value>
                <![CDATA[tonyboniee@gmail.com]]>
              </value>
            </param>
            <param index="1">
              <value>
                <![CDATA[Raneessu@123456]]>
              </value>
            </param>
            <param index="2">
              <value>
                <![CDATA[You have entered Invalid Password]]>
              </value>
            </param>
          </params>
          <reporter-output>
          </reporter-output>
        </test-method> <!-- testInvalidLoginFunc -->
        <test-method signature="testInvalidLoginFunc(java.lang.String,java.lang.String,java.lang.String)[pri:2, instance:testCases.Login_func_test@59309333]" started-at="2025-07-21T08:03:33 IST" name="testInvalidLoginFunc" data-provider="logintestData2" finished-at="2025-07-21T08:03:36 IST" duration-ms="3146" status="PASS">
          <params>
            <param index="0">
              <value>
                <![CDATA[tony123@gmail.com]]>
              </value>
            </param>
            <param index="1">
              <value>
                <![CDATA[Ranees@12345]]>
              </value>
            </param>
            <param index="2">
              <value>
                <![CDATA[User does not exists]]>
              </value>
            </param>
          </params>
          <reporter-output>
          </reporter-output>
        </test-method> <!-- testInvalidLoginFunc -->
        <test-method signature="testInvalidLoginFunc(java.lang.String,java.lang.String,java.lang.String)[pri:2, instance:testCases.Login_func_test@59309333]" started-at="2025-07-21T08:03:36 IST" name="testInvalidLoginFunc" data-provider="logintestData2" finished-at="2025-07-21T08:03:38 IST" duration-ms="2186" status="PASS">
          <params>
            <param index="0">
              <value>
                <![CDATA[tonybonies@yahoo.com]]>
              </value>
            </param>
            <param index="1">
              <value>
                <![CDATA[Ranees@$1234]]>
              </value>
            </param>
            <param index="2">
              <value>
                <![CDATA[User does not exists]]>
              </value>
            </param>
          </params>
          <reporter-output>
          </reporter-output>
        </test-method> <!-- testInvalidLoginFunc -->
        <test-method signature="testInvalidLoginFunc(java.lang.String,java.lang.String,java.lang.String)[pri:2, instance:testCases.Login_func_test@59309333]" started-at="2025-07-21T08:03:38 IST" name="testInvalidLoginFunc" data-provider="logintestData2" finished-at="2025-07-21T08:03:40 IST" duration-ms="2202" status="PASS">
          <params>
            <param index="0">
              <value>
                <![CDATA[tonyboniee@gmail.com]]>
              </value>
            </param>
            <param index="1">
              <value>
                <![CDATA[]]>
              </value>
            </param>
            <param index="2">
              <value>
                <![CDATA[Please Enter Password]]>
              </value>
            </param>
          </params>
          <reporter-output>
          </reporter-output>
        </test-method> <!-- testInvalidLoginFunc -->
        <test-method signature="testInvalidLoginFunc(java.lang.String,java.lang.String,java.lang.String)[pri:2, instance:testCases.Login_func_test@59309333]" started-at="2025-07-21T08:03:40 IST" name="testInvalidLoginFunc" data-provider="logintestData2" finished-at="2025-07-21T08:03:42 IST" duration-ms="2185" status="PASS">
          <params>
            <param index="0">
              <value>
                <![CDATA[]]>
              </value>
            </param>
            <param index="1">
              <value>
                <![CDATA[Ranees@12345]]>
              </value>
            </param>
            <param index="2">
              <value>
                <![CDATA[Please Enter Valid Email]]>
              </value>
            </param>
          </params>
          <reporter-output>
          </reporter-output>
        </test-method> <!-- testInvalidLoginFunc -->
        <test-method signature="testInvalidLoginFunc(java.lang.String,java.lang.String,java.lang.String)[pri:2, instance:testCases.Login_func_test@59309333]" started-at="2025-07-21T08:03:42 IST" name="testInvalidLoginFunc" data-provider="logintestData2" finished-at="2025-07-21T08:03:45 IST" duration-ms="2464" status="PASS">
          <params>
            <param index="0">
              <value>
                <![CDATA[tonyboniee@gmail.com]]>
              </value>
            </param>
            <param index="1">
              <value>
                <![CDATA[ranees12]]>
              </value>
            </param>
            <param index="2">
              <value>
                <![CDATA[You have entered Invalid Password]]>
              </value>
            </param>
          </params>
          <reporter-output>
          </reporter-output>
        </test-method> <!-- testInvalidLoginFunc -->
        <test-method signature="testInvalidLoginFunc(java.lang.String,java.lang.String,java.lang.String)[pri:2, instance:testCases.Login_func_test@59309333]" started-at="2025-07-21T08:03:45 IST" name="testInvalidLoginFunc" data-provider="logintestData2" finished-at="2025-07-21T08:03:47 IST" duration-ms="2345" status="PASS">
          <params>
            <param index="0">
              <value>
                <![CDATA[TonyBoniee@Gmail.Com]]>
              </value>
            </param>
            <param index="1">
              <value>
                <![CDATA[Ranees@12345]]>
              </value>
            </param>
            <param index="2">
              <value>
                <![CDATA[User does not exists]]>
              </value>
            </param>
          </params>
          <reporter-output>
          </reporter-output>
        </test-method> <!-- testInvalidLoginFunc -->
        <test-method signature="testInvalidLoginFunc(java.lang.String,java.lang.String,java.lang.String)[pri:2, instance:testCases.Login_func_test@59309333]" started-at="2025-07-21T08:03:47 IST" name="testInvalidLoginFunc" data-provider="logintestData2" finished-at="2025-07-21T08:03:49 IST" duration-ms="2127" status="PASS">
          <params>
            <param index="0">
              <value>
                <![CDATA[tony!boniee@gmail.com]]>
              </value>
            </param>
            <param index="1">
              <value>
                <![CDATA[Ranees: @'12345']]>
              </value>
            </param>
            <param index="2">
              <value>
                <![CDATA[Please Enter Valid Email]]>
              </value>
            </param>
          </params>
          <reporter-output>
          </reporter-output>
        </test-method> <!-- testInvalidLoginFunc -->
        <test-method signature="testInvalidLoginFunc(java.lang.String,java.lang.String,java.lang.String)[pri:2, instance:testCases.Login_func_test@59309333]" started-at="2025-07-21T08:03:49 IST" name="testInvalidLoginFunc" data-provider="logintestData2" finished-at="2025-07-21T08:03:51 IST" duration-ms="2080" status="PASS">
          <params>
            <param index="0">
              <value>
                <![CDATA[tonyboniee@gmail.com]]>
              </value>
            </param>
            <param index="1">
              <value>
                <![CDATA[Ranees12345]]>
              </value>
            </param>
            <param index="2">
              <value>
                <![CDATA[You have entered Invalid Password]]>
              </value>
            </param>
          </params>
          <reporter-output>
          </reporter-output>
        </test-method> <!-- testInvalidLoginFunc -->
        <test-method signature="testInvalidLoginFunc(java.lang.String,java.lang.String,java.lang.String)[pri:2, instance:testCases.Login_func_test@59309333]" started-at="2025-07-21T08:03:51 IST" name="testInvalidLoginFunc" data-provider="logintestData2" finished-at="2025-07-21T08:03:53 IST" duration-ms="2117" status="PASS">
          <params>
            <param index="0">
              <value>
                <![CDATA[tonyboniee@gmail.com]]>
              </value>
            </param>
            <param index="1">
              <value>
                <![CDATA[Rn@!@#$%]]>
              </value>
            </param>
            <param index="2">
              <value>
                <![CDATA[You have entered Invalid Password]]>
              </value>
            </param>
          </params>
          <reporter-output>
          </reporter-output>
        </test-method> <!-- testInvalidLoginFunc -->
        <test-method is-config="true" signature="tearDown()[pri:0, instance:testCases.Login_func_test@59309333]" started-at="2025-07-21T08:04:11 IST" name="tearDown" finished-at="2025-07-21T08:04:13 IST" duration-ms="1538" status="PASS">
          <reporter-output>
          </reporter-output>
        </test-method> <!-- tearDown -->
      </class> <!-- testCases.Login_func_test -->
      <class name="testCases.Alert_func_test">
        <test-method signature="test_alertypefunc()[pri:1, instance:testCases.Alert_func_test@6d763516]" started-at="2025-07-21T08:04:02 IST" name="test_alertypefunc" depends-on-groups="dashboard" finished-at="2025-07-21T08:04:10 IST" duration-ms="8787" status="PASS">
          <reporter-output>
          </reporter-output>
        </test-method> <!-- test_alertypefunc -->
        <test-method signature="test_selectdevicefunc()[pri:2, instance:testCases.Alert_func_test@6d763516]" started-at="2025-07-21T08:04:10 IST" name="test_selectdevicefunc" depends-on-groups="dashboard" finished-at="2025-07-21T08:04:11 IST" duration-ms="1018" status="PASS">
          <reporter-output>
          </reporter-output>
        </test-method> <!-- test_selectdevicefunc -->
      </class> <!-- testCases.Alert_func_test -->
    </test> <!-- Vm Trackers GPS Application Test Flow 2 -->
    <test started-at="2025-07-21T08:03:00 IST" name="Vm Trackers GPS Application Test Flow 1" finished-at="2025-07-21T08:04:31 IST" duration-ms="91274">
      <class name="testCases.Dashboard_func_test">
        <test-method signature="test_dashboardfunc_profilenameverify(java.lang.String,java.lang.String,java.lang.String)[pri:1, instance:testCases.Dashboard_func_test@14cd1699]" started-at="2025-07-21T08:04:23 IST" name="test_dashboardfunc_profilenameverify" data-provider="logintestData1" depends-on-groups="login" finished-at="2025-07-21T08:04:26 IST" duration-ms="3330" status="PASS">
          <params>
            <param index="0">
              <value>
                <![CDATA[tonyboniee@gmail.com]]>
              </value>
            </param>
            <param index="1">
              <value>
                <![CDATA[Ranees@12345]]>
              </value>
            </param>
            <param index="2">
              <value>
                <![CDATA[Logged In Successfully]]>
              </value>
            </param>
          </params>
          <reporter-output>
          </reporter-output>
        </test-method> <!-- test_dashboardfunc_profilenameverify -->
        <test-method signature="test_dashboard_livetrackingverify()[pri:2, instance:testCases.Dashboard_func_test@14cd1699]" started-at="2025-07-21T08:04:26 IST" name="test_dashboard_livetrackingverify" depends-on-groups="login" finished-at="2025-07-21T08:04:28 IST" duration-ms="1479" status="PASS">
          <reporter-output>
          </reporter-output>
        </test-method> <!-- test_dashboard_livetrackingverify -->
      </class> <!-- testCases.Dashboard_func_test -->
      <class name="testCases.Login_func_test">
        <test-method is-config="true" signature="setupSuite()[pri:0, instance:testCases.Login_func_test@76505305]" started-at="2025-07-21T08:02:59 IST" name="setupSuite" finished-at="2025-07-21T08:03:00 IST" duration-ms="508" status="PASS">
          <reporter-output>
          </reporter-output>
        </test-method> <!-- setupSuite -->
        <test-method is-config="true" signature="launch_Browser(org.testng.ITestContext,java.lang.String)[pri:0, instance:testCases.Login_func_test@76505305]" started-at="2025-07-21T08:03:00 IST" name="launch_Browser" finished-at="2025-07-21T08:03:31 IST" duration-ms="31556" status="PASS">
          <params>
            <param index="0">
              <value>
                <![CDATA[org.testng.TestRunner@5456afaa]]>
              </value>
            </param>
            <param index="1">
              <value>
                <![CDATA[firefox]]>
              </value>
            </param>
          </params>
          <reporter-output>
          </reporter-output>
        </test-method> <!-- launch_Browser -->
        <test-method signature="testValidLoginLogoutFunc(java.lang.String,java.lang.String,java.lang.String)[pri:1, instance:testCases.Login_func_test@76505305]" started-at="2025-07-21T08:03:31 IST" name="testValidLoginLogoutFunc" data-provider="logintestData1" finished-at="2025-07-21T08:03:41 IST" duration-ms="9703" status="PASS">
          <params>
            <param index="0">
              <value>
                <![CDATA[tonyboniee@gmail.com]]>
              </value>
            </param>
            <param index="1">
              <value>
                <![CDATA[Ranees@12345]]>
              </value>
            </param>
            <param index="2">
              <value>
                <![CDATA[Logged In Successfully]]>
              </value>
            </param>
          </params>
          <reporter-output>
          </reporter-output>
        </test-method> <!-- testValidLoginLogoutFunc -->
        <test-method signature="testInvalidLoginFunc(java.lang.String,java.lang.String,java.lang.String)[pri:2, instance:testCases.Login_func_test@76505305]" started-at="2025-07-21T08:03:41 IST" name="testInvalidLoginFunc" data-provider="logintestData2" finished-at="2025-07-21T08:03:46 IST" duration-ms="4730" status="PASS">
          <params>
            <param index="0">
              <value>
                <![CDATA[tonyboniee@gmail.com]]>
              </value>
            </param>
            <param index="1">
              <value>
                <![CDATA[Raneessu@123456]]>
              </value>
            </param>
            <param index="2">
              <value>
                <![CDATA[You have entered Invalid Password]]>
              </value>
            </param>
          </params>
          <reporter-output>
          </reporter-output>
        </test-method> <!-- testInvalidLoginFunc -->
        <test-method signature="testInvalidLoginFunc(java.lang.String,java.lang.String,java.lang.String)[pri:2, instance:testCases.Login_func_test@76505305]" started-at="2025-07-21T08:03:46 IST" name="testInvalidLoginFunc" data-provider="logintestData2" finished-at="2025-07-21T08:03:50 IST" duration-ms="4504" status="PASS">
          <params>
            <param index="0">
              <value>
                <![CDATA[tony123@gmail.com]]>
              </value>
            </param>
            <param index="1">
              <value>
                <![CDATA[Ranees@12345]]>
              </value>
            </param>
            <param index="2">
              <value>
                <![CDATA[User does not exists]]>
              </value>
            </param>
          </params>
          <reporter-output>
          </reporter-output>
        </test-method> <!-- testInvalidLoginFunc -->
        <test-method signature="testInvalidLoginFunc(java.lang.String,java.lang.String,java.lang.String)[pri:2, instance:testCases.Login_func_test@76505305]" started-at="2025-07-21T08:03:50 IST" name="testInvalidLoginFunc" data-provider="logintestData2" finished-at="2025-07-21T08:03:54 IST" duration-ms="3795" status="PASS">
          <params>
            <param index="0">
              <value>
                <![CDATA[tonybonies@yahoo.com]]>
              </value>
            </param>
            <param index="1">
              <value>
                <![CDATA[Ranees@$1234]]>
              </value>
            </param>
            <param index="2">
              <value>
                <![CDATA[User does not exists]]>
              </value>
            </param>
          </params>
          <reporter-output>
          </reporter-output>
        </test-method> <!-- testInvalidLoginFunc -->
        <test-method signature="testInvalidLoginFunc(java.lang.String,java.lang.String,java.lang.String)[pri:2, instance:testCases.Login_func_test@76505305]" started-at="2025-07-21T08:03:54 IST" name="testInvalidLoginFunc" data-provider="logintestData2" finished-at="2025-07-21T08:03:58 IST" duration-ms="3885" status="PASS">
          <params>
            <param index="0">
              <value>
                <![CDATA[tonyboniee@gmail.com]]>
              </value>
            </param>
            <param index="1">
              <value>
                <![CDATA[]]>
              </value>
            </param>
            <param index="2">
              <value>
                <![CDATA[Please Enter Password]]>
              </value>
            </param>
          </params>
          <reporter-output>
          </reporter-output>
        </test-method> <!-- testInvalidLoginFunc -->
        <test-method signature="testInvalidLoginFunc(java.lang.String,java.lang.String,java.lang.String)[pri:2, instance:testCases.Login_func_test@76505305]" started-at="2025-07-21T08:03:58 IST" name="testInvalidLoginFunc" data-provider="logintestData2" finished-at="2025-07-21T08:04:02 IST" duration-ms="4200" status="PASS">
          <params>
            <param index="0">
              <value>
                <![CDATA[]]>
              </value>
            </param>
            <param index="1">
              <value>
                <![CDATA[Ranees@12345]]>
              </value>
            </param>
            <param index="2">
              <value>
                <![CDATA[Please Enter Valid Email]]>
              </value>
            </param>
          </params>
          <reporter-output>
          </reporter-output>
        </test-method> <!-- testInvalidLoginFunc -->
        <test-method signature="testInvalidLoginFunc(java.lang.String,java.lang.String,java.lang.String)[pri:2, instance:testCases.Login_func_test@76505305]" started-at="2025-07-21T08:04:02 IST" name="testInvalidLoginFunc" data-provider="logintestData2" finished-at="2025-07-21T08:04:07 IST" duration-ms="4405" status="PASS">
          <params>
            <param index="0">
              <value>
                <![CDATA[tonyboniee@gmail.com]]>
              </value>
            </param>
            <param index="1">
              <value>
                <![CDATA[ranees12]]>
              </value>
            </param>
            <param index="2">
              <value>
                <![CDATA[You have entered Invalid Password]]>
              </value>
            </param>
          </params>
          <reporter-output>
          </reporter-output>
        </test-method> <!-- testInvalidLoginFunc -->
        <test-method signature="testInvalidLoginFunc(java.lang.String,java.lang.String,java.lang.String)[pri:2, instance:testCases.Login_func_test@76505305]" started-at="2025-07-21T08:04:07 IST" name="testInvalidLoginFunc" data-provider="logintestData2" finished-at="2025-07-21T08:04:11 IST" duration-ms="3992" status="PASS">
          <params>
            <param index="0">
              <value>
                <![CDATA[TonyBoniee@Gmail.Com]]>
              </value>
            </param>
            <param index="1">
              <value>
                <![CDATA[Ranees@12345]]>
              </value>
            </param>
            <param index="2">
              <value>
                <![CDATA[User does not exists]]>
              </value>
            </param>
          </params>
          <reporter-output>
          </reporter-output>
        </test-method> <!-- testInvalidLoginFunc -->
        <test-method signature="testInvalidLoginFunc(java.lang.String,java.lang.String,java.lang.String)[pri:2, instance:testCases.Login_func_test@76505305]" started-at="2025-07-21T08:04:11 IST" name="testInvalidLoginFunc" data-provider="logintestData2" finished-at="2025-07-21T08:04:15 IST" duration-ms="4291" status="PASS">
          <params>
            <param index="0">
              <value>
                <![CDATA[tony!boniee@gmail.com]]>
              </value>
            </param>
            <param index="1">
              <value>
                <![CDATA[Ranees: @'12345']]>
              </value>
            </param>
            <param index="2">
              <value>
                <![CDATA[Please Enter Valid Email]]>
              </value>
            </param>
          </params>
          <reporter-output>
          </reporter-output>
        </test-method> <!-- testInvalidLoginFunc -->
        <test-method signature="testInvalidLoginFunc(java.lang.String,java.lang.String,java.lang.String)[pri:2, instance:testCases.Login_func_test@76505305]" started-at="2025-07-21T08:04:15 IST" name="testInvalidLoginFunc" data-provider="logintestData2" finished-at="2025-07-21T08:04:19 IST" duration-ms="3778" status="PASS">
          <params>
            <param index="0">
              <value>
                <![CDATA[tonyboniee@gmail.com]]>
              </value>
            </param>
            <param index="1">
              <value>
                <![CDATA[Ranees12345]]>
              </value>
            </param>
            <param index="2">
              <value>
                <![CDATA[You have entered Invalid Password]]>
              </value>
            </param>
          </params>
          <reporter-output>
          </reporter-output>
        </test-method> <!-- testInvalidLoginFunc -->
        <test-method signature="testInvalidLoginFunc(java.lang.String,java.lang.String,java.lang.String)[pri:2, instance:testCases.Login_func_test@76505305]" started-at="2025-07-21T08:04:19 IST" name="testInvalidLoginFunc" data-provider="logintestData2" finished-at="2025-07-21T08:04:23 IST" duration-ms="4104" status="PASS">
          <params>
            <param index="0">
              <value>
                <![CDATA[tonyboniee@gmail.com]]>
              </value>
            </param>
            <param index="1">
              <value>
                <![CDATA[Rn@!@#$%]]>
              </value>
            </param>
            <param index="2">
              <value>
                <![CDATA[You have entered Invalid Password]]>
              </value>
            </param>
          </params>
          <reporter-output>
          </reporter-output>
        </test-method> <!-- testInvalidLoginFunc -->
        <test-method is-config="true" signature="tearDown()[pri:0, instance:testCases.Login_func_test@76505305]" started-at="2025-07-21T08:04:30 IST" name="tearDown" finished-at="2025-07-21T08:04:31 IST" duration-ms="1380" status="PASS">
          <reporter-output>
          </reporter-output>
        </test-method> <!-- tearDown -->
        <test-method is-config="true" signature="teardownSuite()[pri:0, instance:testCases.Login_func_test@76505305]" started-at="2025-07-21T08:04:31 IST" name="teardownSuite" finished-at="2025-07-21T08:04:31 IST" duration-ms="33" status="PASS">
          <reporter-output>
          </reporter-output>
        </test-method> <!-- teardownSuite -->
      </class> <!-- testCases.Login_func_test -->
      <class name="testCases.GPS_device_test">
        <test-method signature="test_gpsdevicepage_elements()[pri:1, instance:testCases.GPS_device_test@77888435]" started-at="2025-07-21T08:04:28 IST" name="test_gpsdevicepage_elements" depends-on-groups="dashboard" finished-at="2025-07-21T08:04:29 IST" duration-ms="677" status="PASS">
          <reporter-output>
          </reporter-output>
        </test-method> <!-- test_gpsdevicepage_elements -->
        <test-method signature="test_gpsdevicepage_printelementsInfo()[pri:2, instance:testCases.GPS_device_test@77888435]" started-at="2025-07-21T08:04:29 IST" name="test_gpsdevicepage_printelementsInfo" depends-on-groups="dashboard" finished-at="2025-07-21T08:04:30 IST" duration-ms="1141" status="PASS">
          <reporter-output>
          </reporter-output>
        </test-method> <!-- test_gpsdevicepage_printelementsInfo -->
      </class> <!-- testCases.GPS_device_test -->
    </test> <!-- Vm Trackers GPS Application Test Flow 1 -->
  </suite> <!-- VM Maps Suite -->
</testng-results>
