<?xml version="1.0" encoding="UTF-8"?>
<testng-results ignored="0" total="30" passed="30" failed="0" skipped="0">
  <reporter-output>
  </reporter-output>
  <suite started-at="2025-07-18T09:44:59 IST" name="VM Maps Suite" finished-at="2025-07-18T09:46:42 IST" duration-ms="102756">
    <groups>
      <group name="functional">
        <method signature="Dashboard_func_test.test_dashboardfunc_profilenameverify(java.lang.String,java.lang.String,java.lang.String)[pri:1, instance:testCases.Dashboard_func_test@2aceadd4]" name="test_dashboardfunc_profilenameverify" class="testCases.Dashboard_func_test"/>
        <method signature="Dashboard_func_test.test_dashboard_livetrackingverify()[pri:2, instance:testCases.Dashboard_func_test@2aceadd4]" name="test_dashboard_livetrackingverify" class="testCases.Dashboard_func_test"/>
        <method signature="Dashboard_func_test.test_dashboardfunc_profilenameverify(java.lang.String,java.lang.String,java.lang.String)[pri:1, instance:testCases.Dashboard_func_test@77f80c04]" name="test_dashboardfunc_profilenameverify" class="testCases.Dashboard_func_test"/>
        <method signature="GPS_device_test.test_gpsdevicepage_elements()[pri:1, instance:testCases.GPS_device_test@1dac5ef]" name="test_gpsdevicepage_elements" class="testCases.GPS_device_test"/>
        <method signature="Dashboard_func_test.test_dashboard_livetrackingverify()[pri:2, instance:testCases.Dashboard_func_test@77f80c04]" name="test_dashboard_livetrackingverify" class="testCases.Dashboard_func_test"/>
        <method signature="GPS_device_test.test_gpsdevicepage_printelementsInfo()[pri:2, instance:testCases.GPS_device_test@1dac5ef]" name="test_gpsdevicepage_printelementsInfo" class="testCases.GPS_device_test"/>
      </group> <!-- functional -->
      <group name="gpsdevice">
        <method signature="GPS_device_test.test_gpsdevicepage_elements()[pri:1, instance:testCases.GPS_device_test@1dac5ef]" name="test_gpsdevicepage_elements" class="testCases.GPS_device_test"/>
        <method signature="GPS_device_test.test_gpsdevicepage_printelementsInfo()[pri:2, instance:testCases.GPS_device_test@1dac5ef]" name="test_gpsdevicepage_printelementsInfo" class="testCases.GPS_device_test"/>
      </group> <!-- gpsdevice -->
      <group name="regression">
        <method signature="Login_func_test.testValidLoginLogoutFunc(java.lang.String,java.lang.String,java.lang.String)[pri:1, instance:testCases.Login_func_test@55fe41ea]" name="testValidLoginLogoutFunc" class="testCases.Login_func_test"/>
        <method signature="Login_func_test.testInvalidLoginFunc(java.lang.String,java.lang.String,java.lang.String)[pri:2, instance:testCases.Login_func_test@55fe41ea]" name="testInvalidLoginFunc" class="testCases.Login_func_test"/>
        <method signature="Login_func_test.testValidLoginLogoutFunc(java.lang.String,java.lang.String,java.lang.String)[pri:1, instance:testCases.Login_func_test@4e3958e7]" name="testValidLoginLogoutFunc" class="testCases.Login_func_test"/>
        <method signature="Login_func_test.testInvalidLoginFunc(java.lang.String,java.lang.String,java.lang.String)[pri:2, instance:testCases.Login_func_test@4e3958e7]" name="testInvalidLoginFunc" class="testCases.Login_func_test"/>
      </group> <!-- regression -->
      <group name="smoke">
        <method signature="Alert_func_test.test_alertypefunc()[pri:1, instance:testCases.Alert_func_test@24aed80c]" name="test_alertypefunc" class="testCases.Alert_func_test"/>
        <method signature="Alert_func_test.test_selectdevicefunc()[pri:2, instance:testCases.Alert_func_test@24aed80c]" name="test_selectdevicefunc" class="testCases.Alert_func_test"/>
      </group> <!-- smoke -->
      <group name="login">
        <method signature="Login_func_test.testValidLoginLogoutFunc(java.lang.String,java.lang.String,java.lang.String)[pri:1, instance:testCases.Login_func_test@55fe41ea]" name="testValidLoginLogoutFunc" class="testCases.Login_func_test"/>
        <method signature="Login_func_test.testInvalidLoginFunc(java.lang.String,java.lang.String,java.lang.String)[pri:2, instance:testCases.Login_func_test@55fe41ea]" name="testInvalidLoginFunc" class="testCases.Login_func_test"/>
        <method signature="Login_func_test.testValidLoginLogoutFunc(java.lang.String,java.lang.String,java.lang.String)[pri:1, instance:testCases.Login_func_test@4e3958e7]" name="testValidLoginLogoutFunc" class="testCases.Login_func_test"/>
        <method signature="Login_func_test.testInvalidLoginFunc(java.lang.String,java.lang.String,java.lang.String)[pri:2, instance:testCases.Login_func_test@4e3958e7]" name="testInvalidLoginFunc" class="testCases.Login_func_test"/>
      </group> <!-- login -->
      <group name="dashboard">
        <method signature="Dashboard_func_test.test_dashboardfunc_profilenameverify(java.lang.String,java.lang.String,java.lang.String)[pri:1, instance:testCases.Dashboard_func_test@2aceadd4]" name="test_dashboardfunc_profilenameverify" class="testCases.Dashboard_func_test"/>
        <method signature="Dashboard_func_test.test_dashboard_livetrackingverify()[pri:2, instance:testCases.Dashboard_func_test@2aceadd4]" name="test_dashboard_livetrackingverify" class="testCases.Dashboard_func_test"/>
        <method signature="Dashboard_func_test.test_dashboardfunc_profilenameverify(java.lang.String,java.lang.String,java.lang.String)[pri:1, instance:testCases.Dashboard_func_test@77f80c04]" name="test_dashboardfunc_profilenameverify" class="testCases.Dashboard_func_test"/>
        <method signature="Dashboard_func_test.test_dashboard_livetrackingverify()[pri:2, instance:testCases.Dashboard_func_test@77f80c04]" name="test_dashboard_livetrackingverify" class="testCases.Dashboard_func_test"/>
      </group> <!-- dashboard -->
    </groups>
    <test started-at="2025-07-18T09:44:59 IST" name="Vm Trackers GPS Application Test Flow 2" finished-at="2025-07-18T09:46:19 IST" duration-ms="80080">
      <class name="testCases.Dashboard_func_test">
        <test-method signature="test_dashboardfunc_profilenameverify(java.lang.String,java.lang.String,java.lang.String)[pri:1, instance:testCases.Dashboard_func_test@2aceadd4]" started-at="2025-07-18T09:46:01 IST" name="test_dashboardfunc_profilenameverify" data-provider="logintestData1" depends-on-groups="login" finished-at="2025-07-18T09:46:06 IST" duration-ms="4420" status="PASS">
          <params>
            <param index="0">
              <value>
                <![CDATA[tonyboniee@gmail.com]]>
              </value>
            </param>
            <param index="1">
              <value>
                <![CDATA[Ranees@12345]]>
              </value>
            </param>
            <param index="2">
              <value>
                <![CDATA[Logged In Successfully]]>
              </value>
            </param>
          </params>
          <reporter-output>
          </reporter-output>
        </test-method> <!-- test_dashboardfunc_profilenameverify -->
        <test-method signature="test_dashboard_livetrackingverify()[pri:2, instance:testCases.Dashboard_func_test@2aceadd4]" started-at="2025-07-18T09:46:06 IST" name="test_dashboard_livetrackingverify" depends-on-groups="login" finished-at="2025-07-18T09:46:11 IST" duration-ms="5629" status="PASS">
          <reporter-output>
          </reporter-output>
        </test-method> <!-- test_dashboard_livetrackingverify -->
      </class> <!-- testCases.Dashboard_func_test -->
      <class name="testCases.Login_func_test">
        <test-method is-config="true" signature="launch_Browser(org.testng.ITestContext,java.lang.String)[pri:0, instance:testCases.Login_func_test@55fe41ea]" started-at="2025-07-18T09:44:59 IST" name="launch_Browser" finished-at="2025-07-18T09:45:17 IST" duration-ms="18363" status="PASS">
          <params>
            <param index="0">
              <value>
                <![CDATA[org.testng.TestRunner@4397ad89]]>
              </value>
            </param>
            <param index="1">
              <value>
                <![CDATA[chrome]]>
              </value>
            </param>
          </params>
          <reporter-output>
          </reporter-output>
        </test-method> <!-- launch_Browser -->
        <test-method signature="testValidLoginLogoutFunc(java.lang.String,java.lang.String,java.lang.String)[pri:1, instance:testCases.Login_func_test@55fe41ea]" started-at="2025-07-18T09:45:18 IST" name="testValidLoginLogoutFunc" data-provider="logintestData1" finished-at="2025-07-18T09:45:28 IST" duration-ms="10636" status="PASS">
          <params>
            <param index="0">
              <value>
                <![CDATA[tonyboniee@gmail.com]]>
              </value>
            </param>
            <param index="1">
              <value>
                <![CDATA[Ranees@12345]]>
              </value>
            </param>
            <param index="2">
              <value>
                <![CDATA[Logged In Successfully]]>
              </value>
            </param>
          </params>
          <reporter-output>
          </reporter-output>
        </test-method> <!-- testValidLoginLogoutFunc -->
        <test-method signature="testInvalidLoginFunc(java.lang.String,java.lang.String,java.lang.String)[pri:2, instance:testCases.Login_func_test@55fe41ea]" started-at="2025-07-18T09:45:28 IST" name="testInvalidLoginFunc" data-provider="logintestData2" finished-at="2025-07-18T09:45:32 IST" duration-ms="3999" status="PASS">
          <params>
            <param index="0">
              <value>
                <![CDATA[tonyboniee@gmail.com]]>
              </value>
            </param>
            <param index="1">
              <value>
                <![CDATA[Raneessu@123456]]>
              </value>
            </param>
            <param index="2">
              <value>
                <![CDATA[You have entered Invalid Password]]>
              </value>
            </param>
          </params>
          <reporter-output>
          </reporter-output>
        </test-method> <!-- testInvalidLoginFunc -->
        <test-method signature="testInvalidLoginFunc(java.lang.String,java.lang.String,java.lang.String)[pri:2, instance:testCases.Login_func_test@55fe41ea]" started-at="2025-07-18T09:45:32 IST" name="testInvalidLoginFunc" data-provider="logintestData2" finished-at="2025-07-18T09:45:36 IST" duration-ms="3788" status="PASS">
          <params>
            <param index="0">
              <value>
                <![CDATA[tony123@gmail.com]]>
              </value>
            </param>
            <param index="1">
              <value>
                <![CDATA[Ranees@12345]]>
              </value>
            </param>
            <param index="2">
              <value>
                <![CDATA[User does not exists]]>
              </value>
            </param>
          </params>
          <reporter-output>
          </reporter-output>
        </test-method> <!-- testInvalidLoginFunc -->
        <test-method signature="testInvalidLoginFunc(java.lang.String,java.lang.String,java.lang.String)[pri:2, instance:testCases.Login_func_test@55fe41ea]" started-at="2025-07-18T09:45:36 IST" name="testInvalidLoginFunc" data-provider="logintestData2" finished-at="2025-07-18T09:45:40 IST" duration-ms="3884" status="PASS">
          <params>
            <param index="0">
              <value>
                <![CDATA[tonybonies@yahoo.com]]>
              </value>
            </param>
            <param index="1">
              <value>
                <![CDATA[Ranees@$1234]]>
              </value>
            </param>
            <param index="2">
              <value>
                <![CDATA[User does not exists]]>
              </value>
            </param>
          </params>
          <reporter-output>
          </reporter-output>
        </test-method> <!-- testInvalidLoginFunc -->
        <test-method signature="testInvalidLoginFunc(java.lang.String,java.lang.String,java.lang.String)[pri:2, instance:testCases.Login_func_test@55fe41ea]" started-at="2025-07-18T09:45:40 IST" name="testInvalidLoginFunc" data-provider="logintestData2" finished-at="2025-07-18T09:45:43 IST" duration-ms="3175" status="PASS">
          <params>
            <param index="0">
              <value>
                <![CDATA[tonyboniee@gmail.com]]>
              </value>
            </param>
            <param index="1">
              <value>
                <![CDATA[]]>
              </value>
            </param>
            <param index="2">
              <value>
                <![CDATA[Please Enter Password]]>
              </value>
            </param>
          </params>
          <reporter-output>
          </reporter-output>
        </test-method> <!-- testInvalidLoginFunc -->
        <test-method signature="testInvalidLoginFunc(java.lang.String,java.lang.String,java.lang.String)[pri:2, instance:testCases.Login_func_test@55fe41ea]" started-at="2025-07-18T09:45:43 IST" name="testInvalidLoginFunc" data-provider="logintestData2" finished-at="2025-07-18T09:45:46 IST" duration-ms="3271" status="PASS">
          <params>
            <param index="0">
              <value>
                <![CDATA[]]>
              </value>
            </param>
            <param index="1">
              <value>
                <![CDATA[Ranees@12345]]>
              </value>
            </param>
            <param index="2">
              <value>
                <![CDATA[Please Enter Valid Email]]>
              </value>
            </param>
          </params>
          <reporter-output>
          </reporter-output>
        </test-method> <!-- testInvalidLoginFunc -->
        <test-method signature="testInvalidLoginFunc(java.lang.String,java.lang.String,java.lang.String)[pri:2, instance:testCases.Login_func_test@55fe41ea]" started-at="2025-07-18T09:45:46 IST" name="testInvalidLoginFunc" data-provider="logintestData2" finished-at="2025-07-18T09:45:50 IST" duration-ms="3376" status="PASS">
          <params>
            <param index="0">
              <value>
                <![CDATA[tonyboniee@gmail.com]]>
              </value>
            </param>
            <param index="1">
              <value>
                <![CDATA[ranees12]]>
              </value>
            </param>
            <param index="2">
              <value>
                <![CDATA[You have entered Invalid Password]]>
              </value>
            </param>
          </params>
          <reporter-output>
          </reporter-output>
        </test-method> <!-- testInvalidLoginFunc -->
        <test-method signature="testInvalidLoginFunc(java.lang.String,java.lang.String,java.lang.String)[pri:2, instance:testCases.Login_func_test@55fe41ea]" started-at="2025-07-18T09:45:50 IST" name="testInvalidLoginFunc" data-provider="logintestData2" finished-at="2025-07-18T09:45:53 IST" duration-ms="2859" status="PASS">
          <params>
            <param index="0">
              <value>
                <![CDATA[TonyBoniee@Gmail.Com]]>
              </value>
            </param>
            <param index="1">
              <value>
                <![CDATA[Ranees@12345]]>
              </value>
            </param>
            <param index="2">
              <value>
                <![CDATA[User does not exists]]>
              </value>
            </param>
          </params>
          <reporter-output>
          </reporter-output>
        </test-method> <!-- testInvalidLoginFunc -->
        <test-method signature="testInvalidLoginFunc(java.lang.String,java.lang.String,java.lang.String)[pri:2, instance:testCases.Login_func_test@55fe41ea]" started-at="2025-07-18T09:45:53 IST" name="testInvalidLoginFunc" data-provider="logintestData2" finished-at="2025-07-18T09:45:55 IST" duration-ms="2564" status="PASS">
          <params>
            <param index="0">
              <value>
                <![CDATA[tony!boniee@gmail.com]]>
              </value>
            </param>
            <param index="1">
              <value>
                <![CDATA[Ranees: @'12345']]>
              </value>
            </param>
            <param index="2">
              <value>
                <![CDATA[Please Enter Valid Email]]>
              </value>
            </param>
          </params>
          <reporter-output>
          </reporter-output>
        </test-method> <!-- testInvalidLoginFunc -->
        <test-method signature="testInvalidLoginFunc(java.lang.String,java.lang.String,java.lang.String)[pri:2, instance:testCases.Login_func_test@55fe41ea]" started-at="2025-07-18T09:45:55 IST" name="testInvalidLoginFunc" data-provider="logintestData2" finished-at="2025-07-18T09:45:58 IST" duration-ms="2965" status="PASS">
          <params>
            <param index="0">
              <value>
                <![CDATA[tonyboniee@gmail.com]]>
              </value>
            </param>
            <param index="1">
              <value>
                <![CDATA[Ranees12345]]>
              </value>
            </param>
            <param index="2">
              <value>
                <![CDATA[You have entered Invalid Password]]>
              </value>
            </param>
          </params>
          <reporter-output>
          </reporter-output>
        </test-method> <!-- testInvalidLoginFunc -->
        <test-method signature="testInvalidLoginFunc(java.lang.String,java.lang.String,java.lang.String)[pri:2, instance:testCases.Login_func_test@55fe41ea]" started-at="2025-07-18T09:45:58 IST" name="testInvalidLoginFunc" data-provider="logintestData2" finished-at="2025-07-18T09:46:01 IST" duration-ms="2865" status="PASS">
          <params>
            <param index="0">
              <value>
                <![CDATA[tonyboniee@gmail.com]]>
              </value>
            </param>
            <param index="1">
              <value>
                <![CDATA[Rn@!@#$%]]>
              </value>
            </param>
            <param index="2">
              <value>
                <![CDATA[You have entered Invalid Password]]>
              </value>
            </param>
          </params>
          <reporter-output>
          </reporter-output>
        </test-method> <!-- testInvalidLoginFunc -->
        <test-method is-config="true" signature="tearDown()[pri:0, instance:testCases.Login_func_test@55fe41ea]" started-at="2025-07-18T09:46:18 IST" name="tearDown" finished-at="2025-07-18T09:46:19 IST" duration-ms="1355" status="PASS">
          <reporter-output>
          </reporter-output>
        </test-method> <!-- tearDown -->
      </class> <!-- testCases.Login_func_test -->
      <class name="testCases.Alert_func_test">
        <test-method signature="test_alertypefunc()[pri:1, instance:testCases.Alert_func_test@24aed80c]" started-at="2025-07-18T09:46:11 IST" name="test_alertypefunc" depends-on-groups="dashboard" finished-at="2025-07-18T09:46:16 IST" duration-ms="5114" status="PASS">
          <reporter-output>
          </reporter-output>
        </test-method> <!-- test_alertypefunc -->
        <test-method signature="test_selectdevicefunc()[pri:2, instance:testCases.Alert_func_test@24aed80c]" started-at="2025-07-18T09:46:16 IST" name="test_selectdevicefunc" depends-on-groups="dashboard" finished-at="2025-07-18T09:46:18 IST" duration-ms="1362" status="PASS">
          <reporter-output>
          </reporter-output>
        </test-method> <!-- test_selectdevicefunc -->
      </class> <!-- testCases.Alert_func_test -->
    </test> <!-- Vm Trackers GPS Application Test Flow 2 -->
    <test started-at="2025-07-18T09:44:59 IST" name="Vm Trackers GPS Application Test Flow 1" finished-at="2025-07-18T09:46:42 IST" duration-ms="102756">
      <class name="testCases.Dashboard_func_test">
        <test-method signature="test_dashboardfunc_profilenameverify(java.lang.String,java.lang.String,java.lang.String)[pri:1, instance:testCases.Dashboard_func_test@77f80c04]" started-at="2025-07-18T09:46:30 IST" name="test_dashboardfunc_profilenameverify" data-provider="logintestData1" depends-on-groups="login" finished-at="2025-07-18T09:46:34 IST" duration-ms="4115" status="PASS">
          <params>
            <param index="0">
              <value>
                <![CDATA[tonyboniee@gmail.com]]>
              </value>
            </param>
            <param index="1">
              <value>
                <![CDATA[Ranees@12345]]>
              </value>
            </param>
            <param index="2">
              <value>
                <![CDATA[Logged In Successfully]]>
              </value>
            </param>
          </params>
          <reporter-output>
          </reporter-output>
        </test-method> <!-- test_dashboardfunc_profilenameverify -->
        <test-method signature="test_dashboard_livetrackingverify()[pri:2, instance:testCases.Dashboard_func_test@77f80c04]" started-at="2025-07-18T09:46:34 IST" name="test_dashboard_livetrackingverify" depends-on-groups="login" finished-at="2025-07-18T09:46:37 IST" duration-ms="2762" status="PASS">
          <reporter-output>
          </reporter-output>
        </test-method> <!-- test_dashboard_livetrackingverify -->
      </class> <!-- testCases.Dashboard_func_test -->
      <class name="testCases.Login_func_test">
        <test-method is-config="true" signature="setupSuite()[pri:0, instance:testCases.Login_func_test@4e3958e7]" started-at="2025-07-18T09:44:58 IST" name="setupSuite" finished-at="2025-07-18T09:44:59 IST" duration-ms="597" status="PASS">
          <reporter-output>
          </reporter-output>
        </test-method> <!-- setupSuite -->
        <test-method is-config="true" signature="launch_Browser(org.testng.ITestContext,java.lang.String)[pri:0, instance:testCases.Login_func_test@4e3958e7]" started-at="2025-07-18T09:44:59 IST" name="launch_Browser" finished-at="2025-07-18T09:45:26 IST" duration-ms="27375" status="PASS">
          <params>
            <param index="0">
              <value>
                <![CDATA[org.testng.TestRunner@341814d3]]>
              </value>
            </param>
            <param index="1">
              <value>
                <![CDATA[firefox]]>
              </value>
            </param>
          </params>
          <reporter-output>
          </reporter-output>
        </test-method> <!-- launch_Browser -->
        <test-method signature="testValidLoginLogoutFunc(java.lang.String,java.lang.String,java.lang.String)[pri:1, instance:testCases.Login_func_test@4e3958e7]" started-at="2025-07-18T09:45:26 IST" name="testValidLoginLogoutFunc" data-provider="logintestData1" finished-at="2025-07-18T09:45:38 IST" duration-ms="11694" status="PASS">
          <params>
            <param index="0">
              <value>
                <![CDATA[tonyboniee@gmail.com]]>
              </value>
            </param>
            <param index="1">
              <value>
                <![CDATA[Ranees@12345]]>
              </value>
            </param>
            <param index="2">
              <value>
                <![CDATA[Logged In Successfully]]>
              </value>
            </param>
          </params>
          <reporter-output>
          </reporter-output>
        </test-method> <!-- testValidLoginLogoutFunc -->
        <test-method signature="testInvalidLoginFunc(java.lang.String,java.lang.String,java.lang.String)[pri:2, instance:testCases.Login_func_test@4e3958e7]" started-at="2025-07-18T09:45:38 IST" name="testInvalidLoginFunc" data-provider="logintestData2" finished-at="2025-07-18T09:45:45 IST" duration-ms="6462" status="PASS">
          <params>
            <param index="0">
              <value>
                <![CDATA[tonyboniee@gmail.com]]>
              </value>
            </param>
            <param index="1">
              <value>
                <![CDATA[Raneessu@123456]]>
              </value>
            </param>
            <param index="2">
              <value>
                <![CDATA[You have entered Invalid Password]]>
              </value>
            </param>
          </params>
          <reporter-output>
          </reporter-output>
        </test-method> <!-- testInvalidLoginFunc -->
        <test-method signature="testInvalidLoginFunc(java.lang.String,java.lang.String,java.lang.String)[pri:2, instance:testCases.Login_func_test@4e3958e7]" started-at="2025-07-18T09:45:45 IST" name="testInvalidLoginFunc" data-provider="logintestData2" finished-at="2025-07-18T09:45:50 IST" duration-ms="5834" status="PASS">
          <params>
            <param index="0">
              <value>
                <![CDATA[tony123@gmail.com]]>
              </value>
            </param>
            <param index="1">
              <value>
                <![CDATA[Ranees@12345]]>
              </value>
            </param>
            <param index="2">
              <value>
                <![CDATA[User does not exists]]>
              </value>
            </param>
          </params>
          <reporter-output>
          </reporter-output>
        </test-method> <!-- testInvalidLoginFunc -->
        <test-method signature="testInvalidLoginFunc(java.lang.String,java.lang.String,java.lang.String)[pri:2, instance:testCases.Login_func_test@4e3958e7]" started-at="2025-07-18T09:45:50 IST" name="testInvalidLoginFunc" data-provider="logintestData2" finished-at="2025-07-18T09:45:55 IST" duration-ms="4707" status="PASS">
          <params>
            <param index="0">
              <value>
                <![CDATA[tonybonies@yahoo.com]]>
              </value>
            </param>
            <param index="1">
              <value>
                <![CDATA[Ranees@$1234]]>
              </value>
            </param>
            <param index="2">
              <value>
                <![CDATA[User does not exists]]>
              </value>
            </param>
          </params>
          <reporter-output>
          </reporter-output>
        </test-method> <!-- testInvalidLoginFunc -->
        <test-method signature="testInvalidLoginFunc(java.lang.String,java.lang.String,java.lang.String)[pri:2, instance:testCases.Login_func_test@4e3958e7]" started-at="2025-07-18T09:45:55 IST" name="testInvalidLoginFunc" data-provider="logintestData2" finished-at="2025-07-18T09:46:00 IST" duration-ms="4498" status="PASS">
          <params>
            <param index="0">
              <value>
                <![CDATA[tonyboniee@gmail.com]]>
              </value>
            </param>
            <param index="1">
              <value>
                <![CDATA[]]>
              </value>
            </param>
            <param index="2">
              <value>
                <![CDATA[Please Enter Password]]>
              </value>
            </param>
          </params>
          <reporter-output>
          </reporter-output>
        </test-method> <!-- testInvalidLoginFunc -->
        <test-method signature="testInvalidLoginFunc(java.lang.String,java.lang.String,java.lang.String)[pri:2, instance:testCases.Login_func_test@4e3958e7]" started-at="2025-07-18T09:46:00 IST" name="testInvalidLoginFunc" data-provider="logintestData2" finished-at="2025-07-18T09:46:05 IST" duration-ms="5017" status="PASS">
          <params>
            <param index="0">
              <value>
                <![CDATA[]]>
              </value>
            </param>
            <param index="1">
              <value>
                <![CDATA[Ranees@12345]]>
              </value>
            </param>
            <param index="2">
              <value>
                <![CDATA[Please Enter Valid Email]]>
              </value>
            </param>
          </params>
          <reporter-output>
          </reporter-output>
        </test-method> <!-- testInvalidLoginFunc -->
        <test-method signature="testInvalidLoginFunc(java.lang.String,java.lang.String,java.lang.String)[pri:2, instance:testCases.Login_func_test@4e3958e7]" started-at="2025-07-18T09:46:05 IST" name="testInvalidLoginFunc" data-provider="logintestData2" finished-at="2025-07-18T09:46:10 IST" duration-ms="5322" status="PASS">
          <params>
            <param index="0">
              <value>
                <![CDATA[tonyboniee@gmail.com]]>
              </value>
            </param>
            <param index="1">
              <value>
                <![CDATA[ranees12]]>
              </value>
            </param>
            <param index="2">
              <value>
                <![CDATA[You have entered Invalid Password]]>
              </value>
            </param>
          </params>
          <reporter-output>
          </reporter-output>
        </test-method> <!-- testInvalidLoginFunc -->
        <test-method signature="testInvalidLoginFunc(java.lang.String,java.lang.String,java.lang.String)[pri:2, instance:testCases.Login_func_test@4e3958e7]" started-at="2025-07-18T09:46:10 IST" name="testInvalidLoginFunc" data-provider="logintestData2" finished-at="2025-07-18T09:46:15 IST" duration-ms="4914" status="PASS">
          <params>
            <param index="0">
              <value>
                <![CDATA[TonyBoniee@Gmail.Com]]>
              </value>
            </param>
            <param index="1">
              <value>
                <![CDATA[Ranees@12345]]>
              </value>
            </param>
            <param index="2">
              <value>
                <![CDATA[User does not exists]]>
              </value>
            </param>
          </params>
          <reporter-output>
          </reporter-output>
        </test-method> <!-- testInvalidLoginFunc -->
        <test-method signature="testInvalidLoginFunc(java.lang.String,java.lang.String,java.lang.String)[pri:2, instance:testCases.Login_func_test@4e3958e7]" started-at="2025-07-18T09:46:15 IST" name="testInvalidLoginFunc" data-provider="logintestData2" finished-at="2025-07-18T09:46:19 IST" duration-ms="4506" status="PASS">
          <params>
            <param index="0">
              <value>
                <![CDATA[tony!boniee@gmail.com]]>
              </value>
            </param>
            <param index="1">
              <value>
                <![CDATA[Ranees: @'12345']]>
              </value>
            </param>
            <param index="2">
              <value>
                <![CDATA[Please Enter Valid Email]]>
              </value>
            </param>
          </params>
          <reporter-output>
          </reporter-output>
        </test-method> <!-- testInvalidLoginFunc -->
        <test-method signature="testInvalidLoginFunc(java.lang.String,java.lang.String,java.lang.String)[pri:2, instance:testCases.Login_func_test@4e3958e7]" started-at="2025-07-18T09:46:19 IST" name="testInvalidLoginFunc" data-provider="logintestData2" finished-at="2025-07-18T09:46:25 IST" duration-ms="5625" status="PASS">
          <params>
            <param index="0">
              <value>
                <![CDATA[tonyboniee@gmail.com]]>
              </value>
            </param>
            <param index="1">
              <value>
                <![CDATA[Ranees12345]]>
              </value>
            </param>
            <param index="2">
              <value>
                <![CDATA[You have entered Invalid Password]]>
              </value>
            </param>
          </params>
          <reporter-output>
          </reporter-output>
        </test-method> <!-- testInvalidLoginFunc -->
        <test-method signature="testInvalidLoginFunc(java.lang.String,java.lang.String,java.lang.String)[pri:2, instance:testCases.Login_func_test@4e3958e7]" started-at="2025-07-18T09:46:25 IST" name="testInvalidLoginFunc" data-provider="logintestData2" finished-at="2025-07-18T09:46:30 IST" duration-ms="4810" status="PASS">
          <params>
            <param index="0">
              <value>
                <![CDATA[tonyboniee@gmail.com]]>
              </value>
            </param>
            <param index="1">
              <value>
                <![CDATA[Rn@!@#$%]]>
              </value>
            </param>
            <param index="2">
              <value>
                <![CDATA[You have entered Invalid Password]]>
              </value>
            </param>
          </params>
          <reporter-output>
          </reporter-output>
        </test-method> <!-- testInvalidLoginFunc -->
        <test-method is-config="true" signature="tearDown()[pri:0, instance:testCases.Login_func_test@4e3958e7]" started-at="2025-07-18T09:46:40 IST" name="tearDown" finished-at="2025-07-18T09:46:42 IST" duration-ms="1536" status="PASS">
          <reporter-output>
          </reporter-output>
        </test-method> <!-- tearDown -->
        <test-method is-config="true" signature="teardownSuite()[pri:0, instance:testCases.Login_func_test@4e3958e7]" started-at="2025-07-18T09:46:42 IST" name="teardownSuite" finished-at="2025-07-18T09:46:42 IST" duration-ms="43" status="PASS">
          <reporter-output>
          </reporter-output>
        </test-method> <!-- teardownSuite -->
      </class> <!-- testCases.Login_func_test -->
      <class name="testCases.GPS_device_test">
        <test-method signature="test_gpsdevicepage_elements()[pri:1, instance:testCases.GPS_device_test@1dac5ef]" started-at="2025-07-18T09:46:37 IST" name="test_gpsdevicepage_elements" depends-on-groups="dashboard" finished-at="2025-07-18T09:46:38 IST" duration-ms="1123" status="PASS">
          <reporter-output>
          </reporter-output>
        </test-method> <!-- test_gpsdevicepage_elements -->
        <test-method signature="test_gpsdevicepage_printelementsInfo()[pri:2, instance:testCases.GPS_device_test@1dac5ef]" started-at="2025-07-18T09:46:38 IST" name="test_gpsdevicepage_printelementsInfo" depends-on-groups="dashboard" finished-at="2025-07-18T09:46:40 IST" duration-ms="2147" status="PASS">
          <reporter-output>
          </reporter-output>
        </test-method> <!-- test_gpsdevicepage_printelementsInfo -->
      </class> <!-- testCases.GPS_device_test -->
    </test> <!-- Vm Trackers GPS Application Test Flow 1 -->
  </suite> <!-- VM Maps Suite -->
</testng-results>
