<?xml version="1.0" encoding="UTF-8"?>
<!-- Generated by org.testng.reporters.JUnitXMLReporter -->
<testsuite ignored="12" hostname="Ranees" failures="0" tests="17" name="Vm Trackers GPS Application Test" time="82.689" errors="0" timestamp="2025-05-24T19:09:51 IST">
  <testcase classname="testCases.Login_func_test" name="testValidLoginLogoutFunc" time="2.11"/>
  <testcase classname="testCases.Login_func_test" name="testInvalidLoginFunc" time="0.754"/>
  <testcase classname="testCases.Login_func_test" name="testInvalidLoginFunc" time="0.753"/>
  <testcase classname="testCases.Login_func_test" name="testInvalidLoginFunc" time="0.675"/>
  <testcase classname="testCases.Login_func_test" name="testInvalidLoginFunc" time="0.613"/>
  <testcase classname="testCases.Login_func_test" name="testInvalidLoginFunc" time="0.788"/>
  <testcase classname="testCases.Login_func_test" name="testInvalidLoginFunc" time="1.039"/>
  <testcase classname="testCases.Login_func_test" name="testInvalidLoginFunc" time="0.855"/>
  <testcase classname="testCases.Login_func_test" name="testInvalidLoginFunc" time="0.776"/>
  <testcase classname="testCases.Login_func_test" name="testInvalidLoginFunc" time="0.835"/>
  <testcase classname="testCases.Login_func_test" name="testInvalidLoginFunc" time="0.906"/>
  <testcase classname="testCases.Dashboard_func_test" name="test_dashboardfunc_profilenameverify" time="1.868"/>
  <testcase classname="testCases.Dashboard_func_test" name="test_dashboard_livetrackingverify" time="0.7"/>
  <testcase classname="testCases.Alert_func_test" name="test_alertypefunc" time="1.068"/>
  <testcase classname="testCases.GPS_device_test" name="test_gpsdevicepage_elements" time="0.22"/>
  <testcase classname="testCases.GPS_device_test" name="test_gpsdevicepage_printelementsInfo" time="0.31"/>
  <testcase classname="testCases.Alert_func_test" name="test_selectdevicefunc" time="60.126"/>
  <testcase classname="baseClass.Common_functions" name="@AfterTest tearDown" time="0.0">
    <ignored/>
  </testcase> <!-- @AfterTest tearDown -->
  <testcase classname="baseClass.Common_functions" name="@BeforeSuite setupSuite" time="0.0">
    <ignored/>
  </testcase> <!-- @BeforeSuite setupSuite -->
  <testcase classname="baseClass.Common_functions" name="@BeforeSuite setupSuite" time="0.0">
    <ignored/>
  </testcase> <!-- @BeforeSuite setupSuite -->
  <testcase classname="baseClass.Common_functions" name="@AfterSuite teardownSuite" time="0.0">
    <ignored/>
  </testcase> <!-- @AfterSuite teardownSuite -->
  <testcase classname="baseClass.Common_functions" name="@BeforeTest launch_Browser" time="0.0">
    <ignored/>
  </testcase> <!-- @BeforeTest launch_Browser -->
  <testcase classname="baseClass.Common_functions" name="@AfterSuite teardownSuite" time="0.0">
    <ignored/>
  </testcase> <!-- @AfterSuite teardownSuite -->
  <testcase classname="baseClass.Common_functions" name="@BeforeSuite setupSuite" time="0.0">
    <ignored/>
  </testcase> <!-- @BeforeSuite setupSuite -->
  <testcase classname="baseClass.Common_functions" name="@AfterTest tearDown" time="0.0">
    <ignored/>
  </testcase> <!-- @AfterTest tearDown -->
  <testcase classname="baseClass.Common_functions" name="@AfterTest tearDown" time="0.0">
    <ignored/>
  </testcase> <!-- @AfterTest tearDown -->
  <testcase classname="baseClass.Common_functions" name="@BeforeTest launch_Browser" time="0.0">
    <ignored/>
  </testcase> <!-- @BeforeTest launch_Browser -->
  <testcase classname="baseClass.Common_functions" name="@BeforeTest launch_Browser" time="0.0">
    <ignored/>
  </testcase> <!-- @BeforeTest launch_Browser -->
  <testcase classname="baseClass.Common_functions" name="@AfterSuite teardownSuite" time="0.0">
    <ignored/>
  </testcase> <!-- @AfterSuite teardownSuite -->
</testsuite> <!-- Vm Trackers GPS Application Test -->
