<?xml version="1.0" encoding="UTF-8"?>
<!-- Generated by org.testng.reporters.JUnitXMLReporter -->
<testsuite ignored="8" hostname="Ranees" failures="0" tests="15" name="Vm Trackers GPS Application Test Flow 2" time="39.415" errors="0" timestamp="2025-05-25T22:42:34 IST">
  <testcase classname="testCases.Login_func_test" name="testValidLoginLogoutFunc" time="4.116"/>
  <testcase classname="testCases.Login_func_test" name="testInvalidLoginFunc" time="1.562"/>
  <testcase classname="testCases.Login_func_test" name="testInvalidLoginFunc" time="1.31"/>
  <testcase classname="testCases.Login_func_test" name="testInvalidLoginFunc" time="1.359"/>
  <testcase classname="testCases.Login_func_test" name="testInvalidLoginFunc" time="1.133"/>
  <testcase classname="testCases.Login_func_test" name="testInvalidLoginFunc" time="1.205"/>
  <testcase classname="testCases.Login_func_test" name="testInvalidLoginFunc" time="1.774"/>
  <testcase classname="testCases.Login_func_test" name="testInvalidLoginFunc" time="1.571"/>
  <testcase classname="testCases.Login_func_test" name="testInvalidLoginFunc" time="1.004"/>
  <testcase classname="testCases.Login_func_test" name="testInvalidLoginFunc" time="1.058"/>
  <testcase classname="testCases.Login_func_test" name="testInvalidLoginFunc" time="1.444"/>
  <testcase classname="testCases.Dashboard_func_test" name="test_dashboardfunc_profilenameverify" time="1.401"/>
  <testcase classname="testCases.Dashboard_func_test" name="test_dashboard_livetrackingverify" time="0.584"/>
  <testcase classname="testCases.Alert_func_test" name="test_alertypefunc" time="3.023"/>
  <testcase classname="testCases.Alert_func_test" name="test_selectdevicefunc" time="0.66"/>
  <testcase classname="baseClass.Common_functions" name="@AfterSuite teardownSuite" time="0.0">
    <ignored/>
  </testcase> <!-- @AfterSuite teardownSuite -->
  <testcase classname="baseClass.Common_functions" name="@AfterSuite teardownSuite" time="0.0">
    <ignored/>
  </testcase> <!-- @AfterSuite teardownSuite -->
  <testcase classname="baseClass.Common_functions" name="@BeforeSuite setupSuite" time="0.0">
    <ignored/>
  </testcase> <!-- @BeforeSuite setupSuite -->
  <testcase classname="baseClass.Common_functions" name="@BeforeTest launch_Browser" time="0.0">
    <ignored/>
  </testcase> <!-- @BeforeTest launch_Browser -->
  <testcase classname="baseClass.Common_functions" name="@AfterTest tearDown" time="0.0">
    <ignored/>
  </testcase> <!-- @AfterTest tearDown -->
  <testcase classname="baseClass.Common_functions" name="@AfterTest tearDown" time="0.0">
    <ignored/>
  </testcase> <!-- @AfterTest tearDown -->
  <testcase classname="baseClass.Common_functions" name="@BeforeTest launch_Browser" time="0.0">
    <ignored/>
  </testcase> <!-- @BeforeTest launch_Browser -->
  <testcase classname="baseClass.Common_functions" name="@BeforeSuite setupSuite" time="0.0">
    <ignored/>
  </testcase> <!-- @BeforeSuite setupSuite -->
</testsuite> <!-- Vm Trackers GPS Application Test Flow 2 -->
