<?xml version="1.0" encoding="UTF-8"?>
<!-- Generated by org.testng.reporters.JUnitXMLReporter -->
<testsuite ignored="8" hostname="Ranees" failures="0" tests="15" name="Vm Trackers GPS Application Test Flow 2" time="80.08" errors="0" timestamp="2025-07-18T09:46:19 IST">
  <testcase classname="testCases.Login_func_test" name="testValidLoginLogoutFunc" time="10.636"/>
  <testcase classname="testCases.Login_func_test" name="testInvalidLoginFunc" time="3.999"/>
  <testcase classname="testCases.Login_func_test" name="testInvalidLoginFunc" time="3.788"/>
  <testcase classname="testCases.Login_func_test" name="testInvalidLoginFunc" time="3.884"/>
  <testcase classname="testCases.Login_func_test" name="testInvalidLoginFunc" time="3.175"/>
  <testcase classname="testCases.Login_func_test" name="testInvalidLoginFunc" time="3.271"/>
  <testcase classname="testCases.Login_func_test" name="testInvalidLoginFunc" time="3.376"/>
  <testcase classname="testCases.Login_func_test" name="testInvalidLoginFunc" time="2.859"/>
  <testcase classname="testCases.Login_func_test" name="testInvalidLoginFunc" time="2.564"/>
  <testcase classname="testCases.Login_func_test" name="testInvalidLoginFunc" time="2.965"/>
  <testcase classname="testCases.Login_func_test" name="testInvalidLoginFunc" time="2.865"/>
  <testcase classname="testCases.Dashboard_func_test" name="test_dashboardfunc_profilenameverify" time="4.42"/>
  <testcase classname="testCases.Dashboard_func_test" name="test_dashboard_livetrackingverify" time="5.629"/>
  <testcase classname="testCases.Alert_func_test" name="test_alertypefunc" time="5.114"/>
  <testcase classname="testCases.Alert_func_test" name="test_selectdevicefunc" time="1.362"/>
  <testcase classname="baseClass.Common_functions" name="@BeforeTest launch_Browser" time="0.0">
    <ignored/>
  </testcase> <!-- @BeforeTest launch_Browser -->
  <testcase classname="baseClass.Common_functions" name="@AfterTest tearDown" time="0.0">
    <ignored/>
  </testcase> <!-- @AfterTest tearDown -->
  <testcase classname="baseClass.Common_functions" name="@AfterSuite teardownSuite" time="0.0">
    <ignored/>
  </testcase> <!-- @AfterSuite teardownSuite -->
  <testcase classname="baseClass.Common_functions" name="@BeforeSuite setupSuite" time="0.0">
    <ignored/>
  </testcase> <!-- @BeforeSuite setupSuite -->
  <testcase classname="baseClass.Common_functions" name="@BeforeTest launch_Browser" time="0.0">
    <ignored/>
  </testcase> <!-- @BeforeTest launch_Browser -->
  <testcase classname="baseClass.Common_functions" name="@AfterTest tearDown" time="0.0">
    <ignored/>
  </testcase> <!-- @AfterTest tearDown -->
  <testcase classname="baseClass.Common_functions" name="@AfterSuite teardownSuite" time="0.0">
    <ignored/>
  </testcase> <!-- @AfterSuite teardownSuite -->
  <testcase classname="baseClass.Common_functions" name="@BeforeSuite setupSuite" time="0.0">
    <ignored/>
  </testcase> <!-- @BeforeSuite setupSuite -->
</testsuite> <!-- Vm Trackers GPS Application Test Flow 2 -->
