<?xml version="1.0" encoding="UTF-8"?>
<!-- Generated by org.testng.reporters.JUnitXMLReporter -->
<testsuite ignored="4" hostname="Ranees" failures="0" tests="13" name="Vm Trackers GPS Application Test" time="24.161" errors="0" timestamp="2024-12-27T19:38:36 IST">
  <testcase classname="testCases.Login_func_test" name="test_login_logoutfunc" time="3.443"/>
  <testcase classname="testCases.Login_func_test" name="test_loginfunc" time="1.355"/>
  <testcase classname="testCases.Login_func_test" name="test_loginfunc" time="0.898"/>
  <testcase classname="testCases.Login_func_test" name="test_loginfunc" time="1.013"/>
  <testcase classname="testCases.Login_func_test" name="test_loginfunc" time="1.515"/>
  <testcase classname="testCases.Login_func_test" name="test_loginfunc" time="0.862"/>
  <testcase classname="testCases.Login_func_test" name="test_loginfunc" time="0.758"/>
  <testcase classname="testCases.Login_func_test" name="test_loginfunc" time="1.623"/>
  <testcase classname="testCases.Login_func_test" name="test_loginfunc" time="1.069"/>
  <testcase classname="testCases.Login_func_test" name="test_loginfunc" time="0.896"/>
  <testcase classname="testCases.Login_func_test" name="test_loginfunc" time="1.001"/>
  <testcase classname="testCases.Dashboard_func_test" name="test_dashboardfunc_profilenameverify" time="1.23"/>
  <testcase classname="testCases.Dashboard_func_test" name="test_dashboard_livetrackingverify" time="0.425"/>
  <testcase classname="baseClass.Common_functions" name="@AfterSuite teardownSuite" time="0.0">
    <ignored/>
  </testcase> <!-- @AfterSuite teardownSuite -->
  <testcase classname="baseClass.Common_functions" name="@BeforeSuite setupSuite" time="0.0">
    <ignored/>
  </testcase> <!-- @BeforeSuite setupSuite -->
  <testcase classname="baseClass.Common_functions" name="@BeforeTest launch_Browser" time="0.0">
    <ignored/>
  </testcase> <!-- @BeforeTest launch_Browser -->
  <testcase classname="baseClass.Common_functions" name="@AfterTest tear_Down" time="0.0">
    <ignored/>
  </testcase> <!-- @AfterTest tear_Down -->
</testsuite> <!-- Vm Trackers GPS Application Test -->
