<?xml version="1.0" encoding="UTF-8"?>
<!-- Generated by org.testng.reporters.JUnitXMLReporter -->
<testsuite ignored="8" hostname="Ranees" failures="0" tests="15" name="Vm Trackers GPS Application Test Flow 1" time="34.6" errors="0" timestamp="2025-05-25T22:42:30 IST">
  <testcase classname="testCases.Login_func_test" name="testValidLoginLogoutFunc" time="3.654"/>
  <testcase classname="testCases.Login_func_test" name="testInvalidLoginFunc" time="1.763"/>
  <testcase classname="testCases.Login_func_test" name="testInvalidLoginFunc" time="1.364"/>
  <testcase classname="testCases.Login_func_test" name="testInvalidLoginFunc" time="1.439"/>
  <testcase classname="testCases.Login_func_test" name="testInvalidLoginFunc" time="1.103"/>
  <testcase classname="testCases.Login_func_test" name="testInvalidLoginFunc" time="1.077"/>
  <testcase classname="testCases.Login_func_test" name="testInvalidLoginFunc" time="1.06"/>
  <testcase classname="testCases.Login_func_test" name="testInvalidLoginFunc" time="1.112"/>
  <testcase classname="testCases.Login_func_test" name="testInvalidLoginFunc" time="1.495"/>
  <testcase classname="testCases.Login_func_test" name="testInvalidLoginFunc" time="1.384"/>
  <testcase classname="testCases.Login_func_test" name="testInvalidLoginFunc" time="1.071"/>
  <testcase classname="testCases.Dashboard_func_test" name="test_dashboardfunc_profilenameverify" time="1.356"/>
  <testcase classname="testCases.Dashboard_func_test" name="test_dashboard_livetrackingverify" time="0.683"/>
  <testcase classname="testCases.GPS_device_test" name="test_gpsdevicepage_elements" time="0.594"/>
  <testcase classname="testCases.GPS_device_test" name="test_gpsdevicepage_printelementsInfo" time="0.535"/>
  <testcase classname="baseClass.Common_functions" name="@BeforeTest launch_Browser" time="0.0">
    <ignored/>
  </testcase> <!-- @BeforeTest launch_Browser -->
  <testcase classname="baseClass.Common_functions" name="@BeforeSuite setupSuite" time="0.0">
    <ignored/>
  </testcase> <!-- @BeforeSuite setupSuite -->
  <testcase classname="baseClass.Common_functions" name="@AfterSuite teardownSuite" time="0.0">
    <ignored/>
  </testcase> <!-- @AfterSuite teardownSuite -->
  <testcase classname="baseClass.Common_functions" name="@AfterTest tearDown" time="0.0">
    <ignored/>
  </testcase> <!-- @AfterTest tearDown -->
  <testcase classname="baseClass.Common_functions" name="@AfterTest tearDown" time="0.0">
    <ignored/>
  </testcase> <!-- @AfterTest tearDown -->
  <testcase classname="baseClass.Common_functions" name="@AfterSuite teardownSuite" time="0.0">
    <ignored/>
  </testcase> <!-- @AfterSuite teardownSuite -->
  <testcase classname="baseClass.Common_functions" name="@BeforeTest launch_Browser" time="0.0">
    <ignored/>
  </testcase> <!-- @BeforeTest launch_Browser -->
  <testcase classname="baseClass.Common_functions" name="@BeforeSuite setupSuite" time="0.0">
    <ignored/>
  </testcase> <!-- @BeforeSuite setupSuite -->
</testsuite> <!-- Vm Trackers GPS Application Test Flow 1 -->
