<?xml version="1.0" encoding="UTF-8"?>
<!-- Generated by org.testng.reporters.JUnitXMLReporter -->
<testsuite ignored="8" hostname="Ranees" failures="0" tests="15" name="Vm Trackers GPS Application Test Flow 1" time="102.756" errors="0" timestamp="2025-07-18T09:46:42 IST">
  <testcase classname="testCases.Login_func_test" name="testValidLoginLogoutFunc" time="11.694"/>
  <testcase classname="testCases.Login_func_test" name="testInvalidLoginFunc" time="6.462"/>
  <testcase classname="testCases.Login_func_test" name="testInvalidLoginFunc" time="5.834"/>
  <testcase classname="testCases.Login_func_test" name="testInvalidLoginFunc" time="4.707"/>
  <testcase classname="testCases.Login_func_test" name="testInvalidLoginFunc" time="4.498"/>
  <testcase classname="testCases.Login_func_test" name="testInvalidLoginFunc" time="5.017"/>
  <testcase classname="testCases.Login_func_test" name="testInvalidLoginFunc" time="5.322"/>
  <testcase classname="testCases.Login_func_test" name="testInvalidLoginFunc" time="4.914"/>
  <testcase classname="testCases.Login_func_test" name="testInvalidLoginFunc" time="4.506"/>
  <testcase classname="testCases.Login_func_test" name="testInvalidLoginFunc" time="5.625"/>
  <testcase classname="testCases.Login_func_test" name="testInvalidLoginFunc" time="4.81"/>
  <testcase classname="testCases.Dashboard_func_test" name="test_dashboardfunc_profilenameverify" time="4.115"/>
  <testcase classname="testCases.Dashboard_func_test" name="test_dashboard_livetrackingverify" time="2.762"/>
  <testcase classname="testCases.GPS_device_test" name="test_gpsdevicepage_elements" time="1.123"/>
  <testcase classname="testCases.GPS_device_test" name="test_gpsdevicepage_printelementsInfo" time="2.147"/>
  <testcase classname="baseClass.Common_functions" name="@BeforeSuite setupSuite" time="0.0">
    <ignored/>
  </testcase> <!-- @BeforeSuite setupSuite -->
  <testcase classname="baseClass.Common_functions" name="@AfterTest tearDown" time="0.0">
    <ignored/>
  </testcase> <!-- @AfterTest tearDown -->
  <testcase classname="baseClass.Common_functions" name="@BeforeTest launch_Browser" time="0.0">
    <ignored/>
  </testcase> <!-- @BeforeTest launch_Browser -->
  <testcase classname="baseClass.Common_functions" name="@BeforeSuite setupSuite" time="0.0">
    <ignored/>
  </testcase> <!-- @BeforeSuite setupSuite -->
  <testcase classname="baseClass.Common_functions" name="@BeforeTest launch_Browser" time="0.0">
    <ignored/>
  </testcase> <!-- @BeforeTest launch_Browser -->
  <testcase classname="baseClass.Common_functions" name="@AfterTest tearDown" time="0.0">
    <ignored/>
  </testcase> <!-- @AfterTest tearDown -->
  <testcase classname="baseClass.Common_functions" name="@AfterSuite teardownSuite" time="0.0">
    <ignored/>
  </testcase> <!-- @AfterSuite teardownSuite -->
  <testcase classname="baseClass.Common_functions" name="@AfterSuite teardownSuite" time="0.0">
    <ignored/>
  </testcase> <!-- @AfterSuite teardownSuite -->
</testsuite> <!-- Vm Trackers GPS Application Test Flow 1 -->
